
===============================================================================
XXCOPY ver 2.97.5   2008-10-14 14:26:22   Windows Ver 5.2.3790 Service Pack 2
 Command Line  = xxcopy /yy /of0 /clone /ff /pb K:\Software\Speed-test\source\big_files f:\speed-test\big_files /oaK:\Software\Speed-test\stats\GEOMATT\server2loc-usb_straight-big_files.log
-------------------------------------------------------------------------------
Switch Parameters
 /A0 /BI /C /CA7 /CB0 /CCY /CK /CR3 /CD0 /D0 /DL0 /E /EC0 /ED0 /ER0 /F0 /FM0
 /FF2S /FL /FR /FW /H /I /IN* /JV0 /KS /KCDP /KCFP /L0 /N0 /NC0 /NI0 /NP0 /NW
 /NX0
 /oAK:\Software\Speed-test\stats\GEOMATT\server2loc-usb_straight-big_files.log
 /oB2 /oC0 /oD0 /oE0 /oF0 /oI0 /oP0 /oQ0 /oS0 /oX0 /P0 /PB1M /PBH /PC0 /PD0
 /PN /Po0 /PP /PW0 /PZ0 /Q1 /QF0 /QB0 /QS0 /R /RS0 /S /SC0 /SHR /SP0 /SG0 /So1
 /SW0 /SX0 /SZ:- /T0 /TR00 /TS0 /TD0 /TTA0 /TCA0 /TCC0 /TCW /TM0 /U0 /UT0 /V1
 /VL0 /W0 /WD /WL /WN0 /WU0 /Y /YY /ZB1G /ZE /ZS0 /ZX /ZY
-------------------------------------------------------------------------------
 Source base directory = "K:\Software\Speed-test\source\big_files\"
 Destination directory = "F:\speed-test\big_files\"
 File name template    = "*"
 Directories processed = 1
 Total data in bytes   = 527,331,269
 Elapsed time in sec.  = 55.78
 Action speed (MB/min) = 567.2
 Files copied          = 1
 Log File Appended     = K:\Software\Speed-test\stats\GEOMATT\server2loc-usb_straight-big_files.log
 Exit code             = 0 (No error, Successful operation)

﻿
===============================================================================
XXCOPY ver 2.97.5   2008-10-14 14:30:26   Windows Ver 5.2.3790 Service Pack 2
 Command Line  = xxcopy /yy /of0 /clone /ff /pb K:\Software\Speed-test\source\big_files f:\speed-test\big_files /oaK:\Software\Speed-test\stats\GEOMATT\server2loc-usb_straight-big_files.log
-------------------------------------------------------------------------------
Switch Parameters
 /A0 /BI /C /CA7 /CB0 /CCY /CK /CR3 /CD0 /D0 /DL0 /E /EC0 /ED0 /ER0 /F0 /FM0
 /FF2S /FL /FR /FW /H /I /IN* /JV0 /KS /KCDP /KCFP /L0 /N0 /NC0 /NI0 /NP0 /NW
 /NX0
 /oAK:\Software\Speed-test\stats\GEOMATT\server2loc-usb_straight-big_files.log
 /oB2 /oC0 /oD0 /oE0 /oF0 /oI0 /oP0 /oQ0 /oS0 /oX0 /P0 /PB1M /PBH /PC0 /PD0
 /PN /Po0 /PP /PW0 /PZ0 /Q1 /QF0 /QB0 /QS0 /R /RS0 /S /SC0 /SHR /SP0 /SG0 /So1
 /SW0 /SX0 /SZ:- /T0 /TR00 /TS0 /TD0 /TTA0 /TCA0 /TCC0 /TCW /TM0 /U0 /UT0 /V1
 /VL0 /W0 /WD /WL /WN0 /WU0 /Y /YY /ZB1G /ZE /ZS0 /ZX /ZY
-------------------------------------------------------------------------------
 Source base directory = "K:\Software\Speed-test\source\big_files\"
 Destination directory = "F:\speed-test\big_files\"
 File name template    = "*"
 Directories processed = 1
 Total data in bytes   = 527,331,269
 Elapsed time in sec.  = 51.64
 Action speed (MB/min) = 612.7
 Files copied          = 1
 Log File Appended     = K:\Software\Speed-test\stats\GEOMATT\server2loc-usb_straight-big_files.log
 Exit code             = 0 (No error, Successful operation)

﻿
===============================================================================
XXCOPY ver 2.97.5   2008-10-14 14:34:27   Windows Ver 5.2.3790 Service Pack 2
 Command Line  = xxcopy /yy /of0 /clone /ff /pb K:\Software\Speed-test\source\big_files f:\speed-test\big_files /oaK:\Software\Speed-test\stats\GEOMATT\server2loc-usb_straight-big_files.log
-------------------------------------------------------------------------------
Switch Parameters
 /A0 /BI /C /CA7 /CB0 /CCY /CK /CR3 /CD0 /D0 /DL0 /E /EC0 /ED0 /ER0 /F0 /FM0
 /FF2S /FL /FR /FW /H /I /IN* /JV0 /KS /KCDP /KCFP /L0 /N0 /NC0 /NI0 /NP0 /NW
 /NX0
 /oAK:\Software\Speed-test\stats\GEOMATT\server2loc-usb_straight-big_files.log
 /oB2 /oC0 /oD0 /oE0 /oF0 /oI0 /oP0 /oQ0 /oS0 /oX0 /P0 /PB1M /PBH /PC0 /PD0
 /PN /Po0 /PP /PW0 /PZ0 /Q1 /QF0 /QB0 /QS0 /R /RS0 /S /SC0 /SHR /SP0 /SG0 /So1
 /SW0 /SX0 /SZ:- /T0 /TR00 /TS0 /TD0 /TTA0 /TCA0 /TCC0 /TCW /TM0 /U0 /UT0 /V1
 /VL0 /W0 /WD /WL /WN0 /WU0 /Y /YY /ZB1G /ZE /ZS0 /ZX /ZY
-------------------------------------------------------------------------------
 Source base directory = "K:\Software\Speed-test\source\big_files\"
 Destination directory = "F:\speed-test\big_files\"
 File name template    = "*"
 Directories processed = 1
 Total data in bytes   = 527,331,269
 Elapsed time in sec.  = 56.78
 Action speed (MB/min) = 557.2
 Files copied          = 1
 Log File Appended     = K:\Software\Speed-test\stats\GEOMATT\server2loc-usb_straight-big_files.log
 Exit code             = 0 (No error, Successful operation)

﻿
===============================================================================
XXCOPY ver 2.97.5   2008-10-14 14:38:31   Windows Ver 5.2.3790 Service Pack 2
 Command Line  = xxcopy /yy /of0 /clone /ff /pb K:\Software\Speed-test\source\big_files f:\speed-test\big_files /oaK:\Software\Speed-test\stats\GEOMATT\server2loc-usb_straight-big_files.log
-------------------------------------------------------------------------------
Switch Parameters
 /A0 /BI /C /CA7 /CB0 /CCY /CK /CR3 /CD0 /D0 /DL0 /E /EC0 /ED0 /ER0 /F0 /FM0
 /FF2S /FL /FR /FW /H /I /IN* /JV0 /KS /KCDP /KCFP /L0 /N0 /NC0 /NI0 /NP0 /NW
 /NX0
 /oAK:\Software\Speed-test\stats\GEOMATT\server2loc-usb_straight-big_files.log
 /oB2 /oC0 /oD0 /oE0 /oF0 /oI0 /oP0 /oQ0 /oS0 /oX0 /P0 /PB1M /PBH /PC0 /PD0
 /PN /Po0 /PP /PW0 /PZ0 /Q1 /QF0 /QB0 /QS0 /R /RS0 /S /SC0 /SHR /SP0 /SG0 /So1
 /SW0 /SX0 /SZ:- /T0 /TR00 /TS0 /TD0 /TTA0 /TCA0 /TCC0 /TCW /TM0 /U0 /UT0 /V1
 /VL0 /W0 /WD /WL /WN0 /WU0 /Y /YY /ZB1G /ZE /ZS0 /ZX /ZY
-------------------------------------------------------------------------------
 Source base directory = "K:\Software\Speed-test\source\big_files\"
 Destination directory = "F:\speed-test\big_files\"
 File name template    = "*"
 Directories processed = 1
 Total data in bytes   = 527,331,269
 Elapsed time in sec.  = 52.55
 Action speed (MB/min) = 602.1
 Files copied          = 1
 Log File Appended     = K:\Software\Speed-test\stats\GEOMATT\server2loc-usb_straight-big_files.log
 Exit code             = 0 (No error, Successful operation)

﻿
===============================================================================
XXCOPY ver 2.97.5   2008-10-14 14:42:34   Windows Ver 5.2.3790 Service Pack 2
 Command Line  = xxcopy /yy /of0 /clone /ff /pb K:\Software\Speed-test\source\big_files f:\speed-test\big_files /oaK:\Software\Speed-test\stats\GEOMATT\server2loc-usb_straight-big_files.log
-------------------------------------------------------------------------------
Switch Parameters
 /A0 /BI /C /CA7 /CB0 /CCY /CK /CR3 /CD0 /D0 /DL0 /E /EC0 /ED0 /ER0 /F0 /FM0
 /FF2S /FL /FR /FW /H /I /IN* /JV0 /KS /KCDP /KCFP /L0 /N0 /NC0 /NI0 /NP0 /NW
 /NX0
 /oAK:\Software\Speed-test\stats\GEOMATT\server2loc-usb_straight-big_files.log
 /oB2 /oC0 /oD0 /oE0 /oF0 /oI0 /oP0 /oQ0 /oS0 /oX0 /P0 /PB1M /PBH /PC0 /PD0
 /PN /Po0 /PP /PW0 /PZ0 /Q1 /QF0 /QB0 /QS0 /R /RS0 /S /SC0 /SHR /SP0 /SG0 /So1
 /SW0 /SX0 /SZ:- /T0 /TR00 /TS0 /TD0 /TTA0 /TCA0 /TCC0 /TCW /TM0 /U0 /UT0 /V1
 /VL0 /W0 /WD /WL /WN0 /WU0 /Y /YY /ZB1G /ZE /ZS0 /ZX /ZY
-------------------------------------------------------------------------------
 Source base directory = "K:\Software\Speed-test\source\big_files\"
 Destination directory = "F:\speed-test\big_files\"
 File name template    = "*"
 Directories processed = 1
 Total data in bytes   = 527,331,269
 Elapsed time in sec.  = 53.86
 Action speed (MB/min) = 587.5
 Files copied          = 1
 Log File Appended     = K:\Software\Speed-test\stats\GEOMATT\server2loc-usb_straight-big_files.log
 Exit code             = 0 (No error, Successful operation)

﻿
===============================================================================
XXCOPY ver 2.97.5   2008-10-14 14:46:42   Windows Ver 5.2.3790 Service Pack 2
 Command Line  = xxcopy /yy /of0 /clone /ff /pb K:\Software\Speed-test\source\big_files f:\speed-test\big_files /oaK:\Software\Speed-test\stats\GEOMATT\server2loc-usb_straight-big_files.log
-------------------------------------------------------------------------------
Switch Parameters
 /A0 /BI /C /CA7 /CB0 /CCY /CK /CR3 /CD0 /D0 /DL0 /E /EC0 /ED0 /ER0 /F0 /FM0
 /FF2S /FL /FR /FW /H /I /IN* /JV0 /KS /KCDP /KCFP /L0 /N0 /NC0 /NI0 /NP0 /NW
 /NX0
 /oAK:\Software\Speed-test\stats\GEOMATT\server2loc-usb_straight-big_files.log
 /oB2 /oC0 /oD0 /oE0 /oF0 /oI0 /oP0 /oQ0 /oS0 /oX0 /P0 /PB1M /PBH /PC0 /PD0
 /PN /Po0 /PP /PW0 /PZ0 /Q1 /QF0 /QB0 /QS0 /R /RS0 /S /SC0 /SHR /SP0 /SG0 /So1
 /SW0 /SX0 /SZ:- /T0 /TR00 /TS0 /TD0 /TTA0 /TCA0 /TCC0 /TCW /TM0 /U0 /UT0 /V1
 /VL0 /W0 /WD /WL /WN0 /WU0 /Y /YY /ZB1G /ZE /ZS0 /ZX /ZY
-------------------------------------------------------------------------------
 Source base directory = "K:\Software\Speed-test\source\big_files\"
 Destination directory = "F:\speed-test\big_files\"
 File name template    = "*"
 Directories processed = 1
 Total data in bytes   = 527,331,269
 Elapsed time in sec.  = 51.74
 Action speed (MB/min) = 611.6
 Files copied          = 1
 Log File Appended     = K:\Software\Speed-test\stats\GEOMATT\server2loc-usb_straight-big_files.log
 Exit code             = 0 (No error, Successful operation)

﻿
===============================================================================
XXCOPY ver 2.97.5   2008-10-14 14:50:40   Windows Ver 5.2.3790 Service Pack 2
 Command Line  = xxcopy /yy /of0 /clone /ff /pb K:\Software\Speed-test\source\big_files f:\speed-test\big_files /oaK:\Software\Speed-test\stats\GEOMATT\server2loc-usb_straight-big_files.log
-------------------------------------------------------------------------------
Switch Parameters
 /A0 /BI /C /CA7 /CB0 /CCY /CK /CR3 /CD0 /D0 /DL0 /E /EC0 /ED0 /ER0 /F0 /FM0
 /FF2S /FL /FR /FW /H /I /IN* /JV0 /KS /KCDP /KCFP /L0 /N0 /NC0 /NI0 /NP0 /NW
 /NX0
 /oAK:\Software\Speed-test\stats\GEOMATT\server2loc-usb_straight-big_files.log
 /oB2 /oC0 /oD0 /oE0 /oF0 /oI0 /oP0 /oQ0 /oS0 /oX0 /P0 /PB1M /PBH /PC0 /PD0
 /PN /Po0 /PP /PW0 /PZ0 /Q1 /QF0 /QB0 /QS0 /R /RS0 /S /SC0 /SHR /SP0 /SG0 /So1
 /SW0 /SX0 /SZ:- /T0 /TR00 /TS0 /TD0 /TTA0 /TCA0 /TCC0 /TCW /TM0 /U0 /UT0 /V1
 /VL0 /W0 /WD /WL /WN0 /WU0 /Y /YY /ZB1G /ZE /ZS0 /ZX /ZY
-------------------------------------------------------------------------------
 Source base directory = "K:\Software\Speed-test\source\big_files\"
 Destination directory = "F:\speed-test\big_files\"
 File name template    = "*"
 Directories processed = 1
 Total data in bytes   = 527,331,269
 Elapsed time in sec.  = 51.64
 Action speed (MB/min) = 612.7
 Files copied          = 1
 Log File Appended     = K:\Software\Speed-test\stats\GEOMATT\server2loc-usb_straight-big_files.log
 Exit code             = 0 (No error, Successful operation)

﻿
===============================================================================
XXCOPY ver 2.97.5   2008-10-14 14:54:40   Windows Ver 5.2.3790 Service Pack 2
 Command Line  = xxcopy /yy /of0 /clone /ff /pb K:\Software\Speed-test\source\big_files f:\speed-test\big_files /oaK:\Software\Speed-test\stats\GEOMATT\server2loc-usb_straight-big_files.log
-------------------------------------------------------------------------------
Switch Parameters
 /A0 /BI /C /CA7 /CB0 /CCY /CK /CR3 /CD0 /D0 /DL0 /E /EC0 /ED0 /ER0 /F0 /FM0
 /FF2S /FL /FR /FW /H /I /IN* /JV0 /KS /KCDP /KCFP /L0 /N0 /NC0 /NI0 /NP0 /NW
 /NX0
 /oAK:\Software\Speed-test\stats\GEOMATT\server2loc-usb_straight-big_files.log
 /oB2 /oC0 /oD0 /oE0 /oF0 /oI0 /oP0 /oQ0 /oS0 /oX0 /P0 /PB1M /PBH /PC0 /PD0
 /PN /Po0 /PP /PW0 /PZ0 /Q1 /QF0 /QB0 /QS0 /R /RS0 /S /SC0 /SHR /SP0 /SG0 /So1
 /SW0 /SX0 /SZ:- /T0 /TR00 /TS0 /TD0 /TTA0 /TCA0 /TCC0 /TCW /TM0 /U0 /UT0 /V1
 /VL0 /W0 /WD /WL /WN0 /WU0 /Y /YY /ZB1G /ZE /ZS0 /ZX /ZY
-------------------------------------------------------------------------------
 Source base directory = "K:\Software\Speed-test\source\big_files\"
 Destination directory = "F:\speed-test\big_files\"
 File name template    = "*"
 Directories processed = 1
 Total data in bytes   = 527,331,269
 Elapsed time in sec.  = 51.75
 Action speed (MB/min) = 611.4
 Files copied          = 1
 Log File Appended     = K:\Software\Speed-test\stats\GEOMATT\server2loc-usb_straight-big_files.log
 Exit code             = 0 (No error, Successful operation)

﻿
===============================================================================
XXCOPY ver 2.97.5   2008-10-14 14:58:46   Windows Ver 5.2.3790 Service Pack 2
 Command Line  = xxcopy /yy /of0 /clone /ff /pb K:\Software\Speed-test\source\big_files f:\speed-test\big_files /oaK:\Software\Speed-test\stats\GEOMATT\server2loc-usb_straight-big_files.log
-------------------------------------------------------------------------------
Switch Parameters
 /A0 /BI /C /CA7 /CB0 /CCY /CK /CR3 /CD0 /D0 /DL0 /E /EC0 /ED0 /ER0 /F0 /FM0
 /FF2S /FL /FR /FW /H /I /IN* /JV0 /KS /KCDP /KCFP /L0 /N0 /NC0 /NI0 /NP0 /NW
 /NX0
 /oAK:\Software\Speed-test\stats\GEOMATT\server2loc-usb_straight-big_files.log
 /oB2 /oC0 /oD0 /oE0 /oF0 /oI0 /oP0 /oQ0 /oS0 /oX0 /P0 /PB1M /PBH /PC0 /PD0
 /PN /Po0 /PP /PW0 /PZ0 /Q1 /QF0 /QB0 /QS0 /R /RS0 /S /SC0 /SHR /SP0 /SG0 /So1
 /SW0 /SX0 /SZ:- /T0 /TR00 /TS0 /TD0 /TTA0 /TCA0 /TCC0 /TCW /TM0 /U0 /UT0 /V1
 /VL0 /W0 /WD /WL /WN0 /WU0 /Y /YY /ZB1G /ZE /ZS0 /ZX /ZY
-------------------------------------------------------------------------------
 Source base directory = "K:\Software\Speed-test\source\big_files\"
 Destination directory = "F:\speed-test\big_files\"
 File name template    = "*"
 Directories processed = 1
 Total data in bytes   = 527,331,269
 Elapsed time in sec.  = 55.45
 Action speed (MB/min) = 570.6
 Files copied          = 1
 Log File Appended     = K:\Software\Speed-test\stats\GEOMATT\server2loc-usb_straight-big_files.log
 Exit code             = 0 (No error, Successful operation)

﻿
===============================================================================
XXCOPY ver 2.97.5   2008-10-14 15:02:49   Windows Ver 5.2.3790 Service Pack 2
 Command Line  = xxcopy /yy /of0 /clone /ff /pb K:\Software\Speed-test\source\big_files f:\speed-test\big_files /oaK:\Software\Speed-test\stats\GEOMATT\server2loc-usb_straight-big_files.log
-------------------------------------------------------------------------------
Switch Parameters
 /A0 /BI /C /CA7 /CB0 /CCY /CK /CR3 /CD0 /D0 /DL0 /E /EC0 /ED0 /ER0 /F0 /FM0
 /FF2S /FL /FR /FW /H /I /IN* /JV0 /KS /KCDP /KCFP /L0 /N0 /NC0 /NI0 /NP0 /NW
 /NX0
 /oAK:\Software\Speed-test\stats\GEOMATT\server2loc-usb_straight-big_files.log
 /oB2 /oC0 /oD0 /oE0 /oF0 /oI0 /oP0 /oQ0 /oS0 /oX0 /P0 /PB1M /PBH /PC0 /PD0
 /PN /Po0 /PP /PW0 /PZ0 /Q1 /QF0 /QB0 /QS0 /R /RS0 /S /SC0 /SHR /SP0 /SG0 /So1
 /SW0 /SX0 /SZ:- /T0 /TR00 /TS0 /TD0 /TTA0 /TCA0 /TCC0 /TCW /TM0 /U0 /UT0 /V1
 /VL0 /W0 /WD /WL /WN0 /WU0 /Y /YY /ZB1G /ZE /ZS0 /ZX /ZY
-------------------------------------------------------------------------------
 Source base directory = "K:\Software\Speed-test\source\big_files\"
 Destination directory = "F:\speed-test\big_files\"
 File name template    = "*"
 Directories processed = 1
 Total data in bytes   = 527,331,269
 Elapsed time in sec.  = 53.28
 Action speed (MB/min) = 593.9
 Files copied          = 1
 Log File Appended     = K:\Software\Speed-test\stats\GEOMATT\server2loc-usb_straight-big_files.log
 Exit code             = 0 (No error, Successful operation)

﻿
===============================================================================
XXCOPY ver 2.97.5   2008-10-15 08:58:53   Windows Ver 5.2.3790 Service Pack 2
 Command Line  = xxcopy /yy /of0 /clone /ff /pb K:\Software\Speed-test\source\big_files f:\speed-test\big_files /oaK:\Software\Speed-test\stats\GEOMATT\server2loc-usb_straight-big_files.log
-------------------------------------------------------------------------------
Switch Parameters
 /A0 /BI /C /CA7 /CB0 /CCY /CK /CR3 /CD0 /D0 /DL0 /E /EC0 /ED0 /ER0 /F0 /FM0
 /FF2S /FL /FR /FW /H /I /IN* /JV0 /KS /KCDP /KCFP /L0 /N0 /NC0 /NI0 /NP0 /NW
 /NX0
 /oAK:\Software\Speed-test\stats\GEOMATT\server2loc-usb_straight-big_files.log
 /oB2 /oC0 /oD0 /oE0 /oF0 /oI0 /oP0 /oQ0 /oS0 /oX0 /P0 /PB1M /PBH /PC0 /PD0
 /PN /Po0 /PP /PW0 /PZ0 /Q1 /QF0 /QB0 /QS0 /R /RS0 /S /SC0 /SHR /SP0 /SG0 /So1
 /SW0 /SX0 /SZ:- /T0 /TR00 /TS0 /TD0 /TTA0 /TCA0 /TCC0 /TCW /TM0 /U0 /UT0 /V1
 /VL0 /W0 /WD /WL /WN0 /WU0 /Y /YY /ZB1G /ZE /ZS0 /ZX /ZY
-------------------------------------------------------------------------------
 Source base directory = "K:\Software\Speed-test\source\big_files\"
 Destination directory = "F:\speed-test\big_files\"
 File name template    = "*"
 Directories processed = 1
 Total data in bytes   = 527,331,269
 Elapsed time in sec.  =  54.8
 Action speed (MB/min) = 577.4
 Files copied          = 1
 Log File Appended     = K:\Software\Speed-test\stats\GEOMATT\server2loc-usb_straight-big_files.log
 Exit code             = 0 (No error, Successful operation)

