
===============================================================================
XXCOPY ver 2.97.5   2008-10-22 09:12:22   Windows Ver 5.2.3790 Service Pack 2
 Command Line  = xxcopy /yy /of0 /clone /ff /pb X:\Software\Speed-test\source\little_files R:\speed-test\little_files /oaX:\Software\Speed-test\stats\GEOMATT\server2drobo_diff-little_files.log
-------------------------------------------------------------------------------
Switch Parameters
 /A0 /BI /C /CA7 /CB0 /CCY /CK /CR3 /CD0 /D0 /DL0 /E /EC0 /ED0 /ER0 /F0 /FM0
 /FF2S /FL /FR /FW /H /I /IN* /JV0 /KS /KCDP /KCFP /L0 /N0 /NC0 /NI0 /NP0 /NW
 /NX0
 /oAX:\Software\Speed-test\stats\GEOMATT\server2drobo_diff-little_files.log
 /oB2 /oC0 /oD0 /oE0 /oF0 /oI0 /oP0 /oQ0 /oS0 /oX0 /P0 /PB1M /PBH /PC0 /PD0
 /PN /Po0 /PP /PW0 /PZ0 /Q1 /QF0 /QB0 /QS0 /R /RS0 /S /SC0 /SHR /SP0 /SG0 /So1
 /SW0 /SX0 /SZ:- /T0 /TR00 /TS0 /TD0 /TTA0 /TCA0 /TCC0 /TCW /TM0 /U0 /UT0 /V1
 /VL0 /W0 /WD /WL /WN0 /WU0 /Y /YY /ZB1G /ZE /ZS0 /ZX /ZY
-------------------------------------------------------------------------------
 Source base directory = "X:\Software\Speed-test\source\little_files\"
 Destination directory = "R:\speed-test\little_files\"
 File name template    = "*"
 Directories processed = 1,491
 Total data in bytes   = 208,731,021
 Elapsed time in sec.  =    51
 Action speed (MB/min) = 245.6
 Files examined        = 24,344
 Files copied          = 532
 Directories created   = 76
 Log File Appended     = X:\Software\Speed-test\stats\GEOMATT\server2drobo_diff-little_files.log
 Exit code             = 0 (No error, Successful operation)

﻿
===============================================================================
XXCOPY ver 2.97.5   2008-10-22 09:18:01   Windows Ver 5.2.3790 Service Pack 2
 Command Line  = xxcopy /yy /of0 /clone /ff /pb X:\Software\Speed-test\source\little_files R:\speed-test\little_files /oaX:\Software\Speed-test\stats\GEOMATT\server2drobo_diff-little_files.log
-------------------------------------------------------------------------------
Switch Parameters
 /A0 /BI /C /CA7 /CB0 /CCY /CK /CR3 /CD0 /D0 /DL0 /E /EC0 /ED0 /ER0 /F0 /FM0
 /FF2S /FL /FR /FW /H /I /IN* /JV0 /KS /KCDP /KCFP /L0 /N0 /NC0 /NI0 /NP0 /NW
 /NX0
 /oAX:\Software\Speed-test\stats\GEOMATT\server2drobo_diff-little_files.log
 /oB2 /oC0 /oD0 /oE0 /oF0 /oI0 /oP0 /oQ0 /oS0 /oX0 /P0 /PB1M /PBH /PC0 /PD0
 /PN /Po0 /PP /PW0 /PZ0 /Q1 /QF0 /QB0 /QS0 /R /RS0 /S /SC0 /SHR /SP0 /SG0 /So1
 /SW0 /SX0 /SZ:- /T0 /TR00 /TS0 /TD0 /TTA0 /TCA0 /TCC0 /TCW /TM0 /U0 /UT0 /V1
 /VL0 /W0 /WD /WL /WN0 /WU0 /Y /YY /ZB1G /ZE /ZS0 /ZX /ZY
-------------------------------------------------------------------------------
 Source base directory = "X:\Software\Speed-test\source\little_files\"
 Destination directory = "R:\speed-test\little_files\"
 File name template    = "*"
 Directories processed = 1,491
 Total data in bytes   = 208,731,021
 Elapsed time in sec.  = 49.51
 Action speed (MB/min) = 252.9
 Files examined        = 24,344
 Files copied          = 532
 Directories created   = 76
 Log File Appended     = X:\Software\Speed-test\stats\GEOMATT\server2drobo_diff-little_files.log
 Exit code             = 0 (No error, Successful operation)

﻿
===============================================================================
XXCOPY ver 2.97.5   2008-10-22 09:23:28   Windows Ver 5.2.3790 Service Pack 2
 Command Line  = xxcopy /yy /of0 /clone /ff /pb X:\Software\Speed-test\source\little_files R:\speed-test\little_files /oaX:\Software\Speed-test\stats\GEOMATT\server2drobo_diff-little_files.log
-------------------------------------------------------------------------------
Switch Parameters
 /A0 /BI /C /CA7 /CB0 /CCY /CK /CR3 /CD0 /D0 /DL0 /E /EC0 /ED0 /ER0 /F0 /FM0
 /FF2S /FL /FR /FW /H /I /IN* /JV0 /KS /KCDP /KCFP /L0 /N0 /NC0 /NI0 /NP0 /NW
 /NX0
 /oAX:\Software\Speed-test\stats\GEOMATT\server2drobo_diff-little_files.log
 /oB2 /oC0 /oD0 /oE0 /oF0 /oI0 /oP0 /oQ0 /oS0 /oX0 /P0 /PB1M /PBH /PC0 /PD0
 /PN /Po0 /PP /PW0 /PZ0 /Q1 /QF0 /QB0 /QS0 /R /RS0 /S /SC0 /SHR /SP0 /SG0 /So1
 /SW0 /SX0 /SZ:- /T0 /TR00 /TS0 /TD0 /TTA0 /TCA0 /TCC0 /TCW /TM0 /U0 /UT0 /V1
 /VL0 /W0 /WD /WL /WN0 /WU0 /Y /YY /ZB1G /ZE /ZS0 /ZX /ZY
-------------------------------------------------------------------------------
 Source base directory = "X:\Software\Speed-test\source\little_files\"
 Destination directory = "R:\speed-test\little_files\"
 File name template    = "*"
 Directories processed = 1,491
 Total data in bytes   = 208,731,021
 Elapsed time in sec.  = 47.65
 Action speed (MB/min) = 262.8
 Files examined        = 24,344
 Files copied          = 532
 Directories created   = 76
 Log File Appended     = X:\Software\Speed-test\stats\GEOMATT\server2drobo_diff-little_files.log
 Exit code             = 0 (No error, Successful operation)

﻿
===============================================================================
XXCOPY ver 2.97.5   2008-10-22 09:28:54   Windows Ver 5.2.3790 Service Pack 2
 Command Line  = xxcopy /yy /of0 /clone /ff /pb X:\Software\Speed-test\source\little_files R:\speed-test\little_files /oaX:\Software\Speed-test\stats\GEOMATT\server2drobo_diff-little_files.log
-------------------------------------------------------------------------------
Switch Parameters
 /A0 /BI /C /CA7 /CB0 /CCY /CK /CR3 /CD0 /D0 /DL0 /E /EC0 /ED0 /ER0 /F0 /FM0
 /FF2S /FL /FR /FW /H /I /IN* /JV0 /KS /KCDP /KCFP /L0 /N0 /NC0 /NI0 /NP0 /NW
 /NX0
 /oAX:\Software\Speed-test\stats\GEOMATT\server2drobo_diff-little_files.log
 /oB2 /oC0 /oD0 /oE0 /oF0 /oI0 /oP0 /oQ0 /oS0 /oX0 /P0 /PB1M /PBH /PC0 /PD0
 /PN /Po0 /PP /PW0 /PZ0 /Q1 /QF0 /QB0 /QS0 /R /RS0 /S /SC0 /SHR /SP0 /SG0 /So1
 /SW0 /SX0 /SZ:- /T0 /TR00 /TS0 /TD0 /TTA0 /TCA0 /TCC0 /TCW /TM0 /U0 /UT0 /V1
 /VL0 /W0 /WD /WL /WN0 /WU0 /Y /YY /ZB1G /ZE /ZS0 /ZX /ZY
-------------------------------------------------------------------------------
 Source base directory = "X:\Software\Speed-test\source\little_files\"
 Destination directory = "R:\speed-test\little_files\"
 File name template    = "*"
 Directories processed = 1,491
 Total data in bytes   = 208,731,021
 Elapsed time in sec.  =  50.8
 Action speed (MB/min) = 246.5
 Files examined        = 24,344
 Files copied          = 532
 Directories created   = 76
 Log File Appended     = X:\Software\Speed-test\stats\GEOMATT\server2drobo_diff-little_files.log
 Exit code             = 0 (No error, Successful operation)

﻿
===============================================================================
XXCOPY ver 2.97.5   2008-10-22 09:34:16   Windows Ver 5.2.3790 Service Pack 2
 Command Line  = xxcopy /yy /of0 /clone /ff /pb X:\Software\Speed-test\source\little_files R:\speed-test\little_files /oaX:\Software\Speed-test\stats\GEOMATT\server2drobo_diff-little_files.log
-------------------------------------------------------------------------------
Switch Parameters
 /A0 /BI /C /CA7 /CB0 /CCY /CK /CR3 /CD0 /D0 /DL0 /E /EC0 /ED0 /ER0 /F0 /FM0
 /FF2S /FL /FR /FW /H /I /IN* /JV0 /KS /KCDP /KCFP /L0 /N0 /NC0 /NI0 /NP0 /NW
 /NX0
 /oAX:\Software\Speed-test\stats\GEOMATT\server2drobo_diff-little_files.log
 /oB2 /oC0 /oD0 /oE0 /oF0 /oI0 /oP0 /oQ0 /oS0 /oX0 /P0 /PB1M /PBH /PC0 /PD0
 /PN /Po0 /PP /PW0 /PZ0 /Q1 /QF0 /QB0 /QS0 /R /RS0 /S /SC0 /SHR /SP0 /SG0 /So1
 /SW0 /SX0 /SZ:- /T0 /TR00 /TS0 /TD0 /TTA0 /TCA0 /TCC0 /TCW /TM0 /U0 /UT0 /V1
 /VL0 /W0 /WD /WL /WN0 /WU0 /Y /YY /ZB1G /ZE /ZS0 /ZX /ZY
-------------------------------------------------------------------------------
 Source base directory = "X:\Software\Speed-test\source\little_files\"
 Destination directory = "R:\speed-test\little_files\"
 File name template    = "*"
 Directories processed = 1,491
 Total data in bytes   = 208,731,021
 Elapsed time in sec.  = 46.05
 Action speed (MB/min) = 272
 Files examined        = 24,344
 Files copied          = 532
 Directories created   = 76
 Log File Appended     = X:\Software\Speed-test\stats\GEOMATT\server2drobo_diff-little_files.log
 Exit code             = 0 (No error, Successful operation)

﻿
===============================================================================
XXCOPY ver 2.97.5   2008-10-22 09:39:34   Windows Ver 5.2.3790 Service Pack 2
 Command Line  = xxcopy /yy /of0 /clone /ff /pb X:\Software\Speed-test\source\little_files R:\speed-test\little_files /oaX:\Software\Speed-test\stats\GEOMATT\server2drobo_diff-little_files.log
-------------------------------------------------------------------------------
Switch Parameters
 /A0 /BI /C /CA7 /CB0 /CCY /CK /CR3 /CD0 /D0 /DL0 /E /EC0 /ED0 /ER0 /F0 /FM0
 /FF2S /FL /FR /FW /H /I /IN* /JV0 /KS /KCDP /KCFP /L0 /N0 /NC0 /NI0 /NP0 /NW
 /NX0
 /oAX:\Software\Speed-test\stats\GEOMATT\server2drobo_diff-little_files.log
 /oB2 /oC0 /oD0 /oE0 /oF0 /oI0 /oP0 /oQ0 /oS0 /oX0 /P0 /PB1M /PBH /PC0 /PD0
 /PN /Po0 /PP /PW0 /PZ0 /Q1 /QF0 /QB0 /QS0 /R /RS0 /S /SC0 /SHR /SP0 /SG0 /So1
 /SW0 /SX0 /SZ:- /T0 /TR00 /TS0 /TD0 /TTA0 /TCA0 /TCC0 /TCW /TM0 /U0 /UT0 /V1
 /VL0 /W0 /WD /WL /WN0 /WU0 /Y /YY /ZB1G /ZE /ZS0 /ZX /ZY
-------------------------------------------------------------------------------
 Source base directory = "X:\Software\Speed-test\source\little_files\"
 Destination directory = "R:\speed-test\little_files\"
 File name template    = "*"
 Directories processed = 1,491
 Total data in bytes   = 208,731,021
 Elapsed time in sec.  = 47.61
 Action speed (MB/min) = 263.1
 Files examined        = 24,344
 Files copied          = 532
 Directories created   = 76
 Log File Appended     = X:\Software\Speed-test\stats\GEOMATT\server2drobo_diff-little_files.log
 Exit code             = 0 (No error, Successful operation)

﻿
===============================================================================
XXCOPY ver 2.97.5   2008-10-22 09:44:53   Windows Ver 5.2.3790 Service Pack 2
 Command Line  = xxcopy /yy /of0 /clone /ff /pb X:\Software\Speed-test\source\little_files R:\speed-test\little_files /oaX:\Software\Speed-test\stats\GEOMATT\server2drobo_diff-little_files.log
-------------------------------------------------------------------------------
Switch Parameters
 /A0 /BI /C /CA7 /CB0 /CCY /CK /CR3 /CD0 /D0 /DL0 /E /EC0 /ED0 /ER0 /F0 /FM0
 /FF2S /FL /FR /FW /H /I /IN* /JV0 /KS /KCDP /KCFP /L0 /N0 /NC0 /NI0 /NP0 /NW
 /NX0
 /oAX:\Software\Speed-test\stats\GEOMATT\server2drobo_diff-little_files.log
 /oB2 /oC0 /oD0 /oE0 /oF0 /oI0 /oP0 /oQ0 /oS0 /oX0 /P0 /PB1M /PBH /PC0 /PD0
 /PN /Po0 /PP /PW0 /PZ0 /Q1 /QF0 /QB0 /QS0 /R /RS0 /S /SC0 /SHR /SP0 /SG0 /So1
 /SW0 /SX0 /SZ:- /T0 /TR00 /TS0 /TD0 /TTA0 /TCA0 /TCC0 /TCW /TM0 /U0 /UT0 /V1
 /VL0 /W0 /WD /WL /WN0 /WU0 /Y /YY /ZB1G /ZE /ZS0 /ZX /ZY
-------------------------------------------------------------------------------
 Source base directory = "X:\Software\Speed-test\source\little_files\"
 Destination directory = "R:\speed-test\little_files\"
 File name template    = "*"
 Directories processed = 1,491
 Total data in bytes   = 208,731,021
 Elapsed time in sec.  = 47.86
 Action speed (MB/min) = 261.7
 Files examined        = 24,344
 Files copied          = 532
 Directories created   = 76
 Log File Appended     = X:\Software\Speed-test\stats\GEOMATT\server2drobo_diff-little_files.log
 Exit code             = 0 (No error, Successful operation)

﻿
===============================================================================
XXCOPY ver 2.97.5   2008-10-22 09:50:10   Windows Ver 5.2.3790 Service Pack 2
 Command Line  = xxcopy /yy /of0 /clone /ff /pb X:\Software\Speed-test\source\little_files R:\speed-test\little_files /oaX:\Software\Speed-test\stats\GEOMATT\server2drobo_diff-little_files.log
-------------------------------------------------------------------------------
Switch Parameters
 /A0 /BI /C /CA7 /CB0 /CCY /CK /CR3 /CD0 /D0 /DL0 /E /EC0 /ED0 /ER0 /F0 /FM0
 /FF2S /FL /FR /FW /H /I /IN* /JV0 /KS /KCDP /KCFP /L0 /N0 /NC0 /NI0 /NP0 /NW
 /NX0
 /oAX:\Software\Speed-test\stats\GEOMATT\server2drobo_diff-little_files.log
 /oB2 /oC0 /oD0 /oE0 /oF0 /oI0 /oP0 /oQ0 /oS0 /oX0 /P0 /PB1M /PBH /PC0 /PD0
 /PN /Po0 /PP /PW0 /PZ0 /Q1 /QF0 /QB0 /QS0 /R /RS0 /S /SC0 /SHR /SP0 /SG0 /So1
 /SW0 /SX0 /SZ:- /T0 /TR00 /TS0 /TD0 /TTA0 /TCA0 /TCC0 /TCW /TM0 /U0 /UT0 /V1
 /VL0 /W0 /WD /WL /WN0 /WU0 /Y /YY /ZB1G /ZE /ZS0 /ZX /ZY
-------------------------------------------------------------------------------
 Source base directory = "X:\Software\Speed-test\source\little_files\"
 Destination directory = "R:\speed-test\little_files\"
 File name template    = "*"
 Directories processed = 1,491
 Total data in bytes   = 208,731,021
 Elapsed time in sec.  = 48.83
 Action speed (MB/min) = 256.5
 Files examined        = 24,344
 Files copied          = 532
 Directories created   = 76
 Log File Appended     = X:\Software\Speed-test\stats\GEOMATT\server2drobo_diff-little_files.log
 Exit code             = 0 (No error, Successful operation)

﻿
===============================================================================
XXCOPY ver 2.97.5   2008-10-22 09:55:32   Windows Ver 5.2.3790 Service Pack 2
 Command Line  = xxcopy /yy /of0 /clone /ff /pb X:\Software\Speed-test\source\little_files R:\speed-test\little_files /oaX:\Software\Speed-test\stats\GEOMATT\server2drobo_diff-little_files.log
-------------------------------------------------------------------------------
Switch Parameters
 /A0 /BI /C /CA7 /CB0 /CCY /CK /CR3 /CD0 /D0 /DL0 /E /EC0 /ED0 /ER0 /F0 /FM0
 /FF2S /FL /FR /FW /H /I /IN* /JV0 /KS /KCDP /KCFP /L0 /N0 /NC0 /NI0 /NP0 /NW
 /NX0
 /oAX:\Software\Speed-test\stats\GEOMATT\server2drobo_diff-little_files.log
 /oB2 /oC0 /oD0 /oE0 /oF0 /oI0 /oP0 /oQ0 /oS0 /oX0 /P0 /PB1M /PBH /PC0 /PD0
 /PN /Po0 /PP /PW0 /PZ0 /Q1 /QF0 /QB0 /QS0 /R /RS0 /S /SC0 /SHR /SP0 /SG0 /So1
 /SW0 /SX0 /SZ:- /T0 /TR00 /TS0 /TD0 /TTA0 /TCA0 /TCC0 /TCW /TM0 /U0 /UT0 /V1
 /VL0 /W0 /WD /WL /WN0 /WU0 /Y /YY /ZB1G /ZE /ZS0 /ZX /ZY
-------------------------------------------------------------------------------
 Source base directory = "X:\Software\Speed-test\source\little_files\"
 Destination directory = "R:\speed-test\little_files\"
 File name template    = "*"
 Directories processed = 1,491
 Total data in bytes   = 208,731,021
 Elapsed time in sec.  = 48.58
 Action speed (MB/min) = 257.8
 Files examined        = 24,344
 Files copied          = 532
 Directories created   = 76
 Log File Appended     = X:\Software\Speed-test\stats\GEOMATT\server2drobo_diff-little_files.log
 Exit code             = 0 (No error, Successful operation)

﻿
===============================================================================
XXCOPY ver 2.97.5   2008-10-22 10:00:59   Windows Ver 5.2.3790 Service Pack 2
 Command Line  = xxcopy /yy /of0 /clone /ff /pb X:\Software\Speed-test\source\little_files R:\speed-test\little_files /oaX:\Software\Speed-test\stats\GEOMATT\server2drobo_diff-little_files.log
-------------------------------------------------------------------------------
Switch Parameters
 /A0 /BI /C /CA7 /CB0 /CCY /CK /CR3 /CD0 /D0 /DL0 /E /EC0 /ED0 /ER0 /F0 /FM0
 /FF2S /FL /FR /FW /H /I /IN* /JV0 /KS /KCDP /KCFP /L0 /N0 /NC0 /NI0 /NP0 /NW
 /NX0
 /oAX:\Software\Speed-test\stats\GEOMATT\server2drobo_diff-little_files.log
 /oB2 /oC0 /oD0 /oE0 /oF0 /oI0 /oP0 /oQ0 /oS0 /oX0 /P0 /PB1M /PBH /PC0 /PD0
 /PN /Po0 /PP /PW0 /PZ0 /Q1 /QF0 /QB0 /QS0 /R /RS0 /S /SC0 /SHR /SP0 /SG0 /So1
 /SW0 /SX0 /SZ:- /T0 /TR00 /TS0 /TD0 /TTA0 /TCA0 /TCC0 /TCW /TM0 /U0 /UT0 /V1
 /VL0 /W0 /WD /WL /WN0 /WU0 /Y /YY /ZB1G /ZE /ZS0 /ZX /ZY
-------------------------------------------------------------------------------
 Source base directory = "X:\Software\Speed-test\source\little_files\"
 Destination directory = "R:\speed-test\little_files\"
 File name template    = "*"
 Directories processed = 1,491
 Total data in bytes   = 208,731,021
 Elapsed time in sec.  = 49.61
 Action speed (MB/min) = 252.4
 Files examined        = 24,344
 Files copied          = 532
 Directories created   = 76
 Log File Appended     = X:\Software\Speed-test\stats\GEOMATT\server2drobo_diff-little_files.log
 Exit code             = 0 (No error, Successful operation)

