
===============================================================================
XXCOPY ver 2.97.5   2008-10-22 10:39:15   Windows Ver 5.2.3790 Service Pack 2
 Command Line  = xxcopy /yy /of0 /clone /ff /pb X:\Software\Speed-test\source\big_files d:\speed-test\big_files /oaX:\Software\Speed-test\stats\GEOMATT\server2local_straight-big_files.log
-------------------------------------------------------------------------------
Switch Parameters
 /A0 /BI /C /CA7 /CB0 /CCY /CK /CR3 /CD0 /D0 /DL0 /E /EC0 /ED0 /ER0 /F0 /FM0
 /FF2S /FL /FR /FW /H /I /IN* /JV0 /KS /KCDP /KCFP /L0 /N0 /NC0 /NI0 /NP0 /NW
 /NX0
 /oAX:\Software\Speed-test\stats\GEOMATT\server2local_straight-big_files.log
 /oB2 /oC0 /oD0 /oE0 /oF0 /oI0 /oP0 /oQ0 /oS0 /oX0 /P0 /PB1M /PBH /PC0 /PD0
 /PN /Po0 /PP /PW0 /PZ0 /Q1 /QF0 /QB0 /QS0 /R /RS0 /S /SC0 /SHR /SP0 /SG0 /So1
 /SW0 /SX0 /SZ:- /T0 /TR00 /TS0 /TD0 /TTA0 /TCA0 /TCC0 /TCW /TM0 /U0 /UT0 /V1
 /VL0 /W0 /WD /WL /WN0 /WU0 /Y /YY /ZB1G /ZE /ZS0 /ZX /ZY
-------------------------------------------------------------------------------
 Source base directory = "X:\Software\Speed-test\source\big_files\"
 Destination directory = "D:\speed-test\big_files\"
 File name template    = "*"
 Directories processed = 1
 Total data in bytes   = 527,331,269
 Elapsed time in sec.  = 52.81
 Action speed (MB/min) = 599.1
 Files copied          = 1
 Log File Appended     = X:\Software\Speed-test\stats\GEOMATT\server2local_straight-big_files.log
 Exit code             = 0 (No error, Successful operation)

﻿
===============================================================================
XXCOPY ver 2.97.5   2008-10-22 10:44:27   Windows Ver 5.2.3790 Service Pack 2
 Command Line  = xxcopy /yy /of0 /clone /ff /pb X:\Software\Speed-test\source\big_files d:\speed-test\big_files /oaX:\Software\Speed-test\stats\GEOMATT\server2local_straight-big_files.log
-------------------------------------------------------------------------------
Switch Parameters
 /A0 /BI /C /CA7 /CB0 /CCY /CK /CR3 /CD0 /D0 /DL0 /E /EC0 /ED0 /ER0 /F0 /FM0
 /FF2S /FL /FR /FW /H /I /IN* /JV0 /KS /KCDP /KCFP /L0 /N0 /NC0 /NI0 /NP0 /NW
 /NX0
 /oAX:\Software\Speed-test\stats\GEOMATT\server2local_straight-big_files.log
 /oB2 /oC0 /oD0 /oE0 /oF0 /oI0 /oP0 /oQ0 /oS0 /oX0 /P0 /PB1M /PBH /PC0 /PD0
 /PN /Po0 /PP /PW0 /PZ0 /Q1 /QF0 /QB0 /QS0 /R /RS0 /S /SC0 /SHR /SP0 /SG0 /So1
 /SW0 /SX0 /SZ:- /T0 /TR00 /TS0 /TD0 /TTA0 /TCA0 /TCC0 /TCW /TM0 /U0 /UT0 /V1
 /VL0 /W0 /WD /WL /WN0 /WU0 /Y /YY /ZB1G /ZE /ZS0 /ZX /ZY
-------------------------------------------------------------------------------
 Source base directory = "X:\Software\Speed-test\source\big_files\"
 Destination directory = "D:\speed-test\big_files\"
 File name template    = "*"
 Directories processed = 1
 Total data in bytes   = 527,331,269
 Elapsed time in sec.  = 61.39 (1 min 1 sec)
 Action speed (MB/min) = 515.4
 Files copied          = 1
 Log File Appended     = X:\Software\Speed-test\stats\GEOMATT\server2local_straight-big_files.log
 Exit code             = 0 (No error, Successful operation)

﻿
===============================================================================
XXCOPY ver 2.97.5   2008-10-22 10:49:40   Windows Ver 5.2.3790 Service Pack 2
 Command Line  = xxcopy /yy /of0 /clone /ff /pb X:\Software\Speed-test\source\big_files d:\speed-test\big_files /oaX:\Software\Speed-test\stats\GEOMATT\server2local_straight-big_files.log
-------------------------------------------------------------------------------
Switch Parameters
 /A0 /BI /C /CA7 /CB0 /CCY /CK /CR3 /CD0 /D0 /DL0 /E /EC0 /ED0 /ER0 /F0 /FM0
 /FF2S /FL /FR /FW /H /I /IN* /JV0 /KS /KCDP /KCFP /L0 /N0 /NC0 /NI0 /NP0 /NW
 /NX0
 /oAX:\Software\Speed-test\stats\GEOMATT\server2local_straight-big_files.log
 /oB2 /oC0 /oD0 /oE0 /oF0 /oI0 /oP0 /oQ0 /oS0 /oX0 /P0 /PB1M /PBH /PC0 /PD0
 /PN /Po0 /PP /PW0 /PZ0 /Q1 /QF0 /QB0 /QS0 /R /RS0 /S /SC0 /SHR /SP0 /SG0 /So1
 /SW0 /SX0 /SZ:- /T0 /TR00 /TS0 /TD0 /TTA0 /TCA0 /TCC0 /TCW /TM0 /U0 /UT0 /V1
 /VL0 /W0 /WD /WL /WN0 /WU0 /Y /YY /ZB1G /ZE /ZS0 /ZX /ZY
-------------------------------------------------------------------------------
 Source base directory = "X:\Software\Speed-test\source\big_files\"
 Destination directory = "D:\speed-test\big_files\"
 File name template    = "*"
 Directories processed = 1
 Total data in bytes   = 527,331,269
 Elapsed time in sec.  = 52.95
 Action speed (MB/min) = 597.5
 Files copied          = 1
 Log File Appended     = X:\Software\Speed-test\stats\GEOMATT\server2local_straight-big_files.log
 Exit code             = 0 (No error, Successful operation)

﻿
===============================================================================
XXCOPY ver 2.97.5   2008-10-22 10:54:55   Windows Ver 5.2.3790 Service Pack 2
 Command Line  = xxcopy /yy /of0 /clone /ff /pb X:\Software\Speed-test\source\big_files d:\speed-test\big_files /oaX:\Software\Speed-test\stats\GEOMATT\server2local_straight-big_files.log
-------------------------------------------------------------------------------
Switch Parameters
 /A0 /BI /C /CA7 /CB0 /CCY /CK /CR3 /CD0 /D0 /DL0 /E /EC0 /ED0 /ER0 /F0 /FM0
 /FF2S /FL /FR /FW /H /I /IN* /JV0 /KS /KCDP /KCFP /L0 /N0 /NC0 /NI0 /NP0 /NW
 /NX0
 /oAX:\Software\Speed-test\stats\GEOMATT\server2local_straight-big_files.log
 /oB2 /oC0 /oD0 /oE0 /oF0 /oI0 /oP0 /oQ0 /oS0 /oX0 /P0 /PB1M /PBH /PC0 /PD0
 /PN /Po0 /PP /PW0 /PZ0 /Q1 /QF0 /QB0 /QS0 /R /RS0 /S /SC0 /SHR /SP0 /SG0 /So1
 /SW0 /SX0 /SZ:- /T0 /TR00 /TS0 /TD0 /TTA0 /TCA0 /TCC0 /TCW /TM0 /U0 /UT0 /V1
 /VL0 /W0 /WD /WL /WN0 /WU0 /Y /YY /ZB1G /ZE /ZS0 /ZX /ZY
-------------------------------------------------------------------------------
 Source base directory = "X:\Software\Speed-test\source\big_files\"
 Destination directory = "D:\speed-test\big_files\"
 File name template    = "*"
 Directories processed = 1
 Total data in bytes   = 527,331,269
 Elapsed time in sec.  = 57.97
 Action speed (MB/min) = 545.8
 Files copied          = 1
 Log File Appended     = X:\Software\Speed-test\stats\GEOMATT\server2local_straight-big_files.log
 Exit code             = 0 (No error, Successful operation)

﻿
===============================================================================
XXCOPY ver 2.97.5   2008-10-22 11:00:07   Windows Ver 5.2.3790 Service Pack 2
 Command Line  = xxcopy /yy /of0 /clone /ff /pb X:\Software\Speed-test\source\big_files d:\speed-test\big_files /oaX:\Software\Speed-test\stats\GEOMATT\server2local_straight-big_files.log
-------------------------------------------------------------------------------
Switch Parameters
 /A0 /BI /C /CA7 /CB0 /CCY /CK /CR3 /CD0 /D0 /DL0 /E /EC0 /ED0 /ER0 /F0 /FM0
 /FF2S /FL /FR /FW /H /I /IN* /JV0 /KS /KCDP /KCFP /L0 /N0 /NC0 /NI0 /NP0 /NW
 /NX0
 /oAX:\Software\Speed-test\stats\GEOMATT\server2local_straight-big_files.log
 /oB2 /oC0 /oD0 /oE0 /oF0 /oI0 /oP0 /oQ0 /oS0 /oX0 /P0 /PB1M /PBH /PC0 /PD0
 /PN /Po0 /PP /PW0 /PZ0 /Q1 /QF0 /QB0 /QS0 /R /RS0 /S /SC0 /SHR /SP0 /SG0 /So1
 /SW0 /SX0 /SZ:- /T0 /TR00 /TS0 /TD0 /TTA0 /TCA0 /TCC0 /TCW /TM0 /U0 /UT0 /V1
 /VL0 /W0 /WD /WL /WN0 /WU0 /Y /YY /ZB1G /ZE /ZS0 /ZX /ZY
-------------------------------------------------------------------------------
 Source base directory = "X:\Software\Speed-test\source\big_files\"
 Destination directory = "D:\speed-test\big_files\"
 File name template    = "*"
 Directories processed = 1
 Total data in bytes   = 527,331,269
 Elapsed time in sec.  = 52.22
 Action speed (MB/min) = 605.9
 Files copied          = 1
 Log File Appended     = X:\Software\Speed-test\stats\GEOMATT\server2local_straight-big_files.log
 Exit code             = 0 (No error, Successful operation)

﻿
===============================================================================
XXCOPY ver 2.97.5   2008-10-22 11:05:20   Windows Ver 5.2.3790 Service Pack 2
 Command Line  = xxcopy /yy /of0 /clone /ff /pb X:\Software\Speed-test\source\big_files d:\speed-test\big_files /oaX:\Software\Speed-test\stats\GEOMATT\server2local_straight-big_files.log
-------------------------------------------------------------------------------
Switch Parameters
 /A0 /BI /C /CA7 /CB0 /CCY /CK /CR3 /CD0 /D0 /DL0 /E /EC0 /ED0 /ER0 /F0 /FM0
 /FF2S /FL /FR /FW /H /I /IN* /JV0 /KS /KCDP /KCFP /L0 /N0 /NC0 /NI0 /NP0 /NW
 /NX0
 /oAX:\Software\Speed-test\stats\GEOMATT\server2local_straight-big_files.log
 /oB2 /oC0 /oD0 /oE0 /oF0 /oI0 /oP0 /oQ0 /oS0 /oX0 /P0 /PB1M /PBH /PC0 /PD0
 /PN /Po0 /PP /PW0 /PZ0 /Q1 /QF0 /QB0 /QS0 /R /RS0 /S /SC0 /SHR /SP0 /SG0 /So1
 /SW0 /SX0 /SZ:- /T0 /TR00 /TS0 /TD0 /TTA0 /TCA0 /TCC0 /TCW /TM0 /U0 /UT0 /V1
 /VL0 /W0 /WD /WL /WN0 /WU0 /Y /YY /ZB1G /ZE /ZS0 /ZX /ZY
-------------------------------------------------------------------------------
 Source base directory = "X:\Software\Speed-test\source\big_files\"
 Destination directory = "D:\speed-test\big_files\"
 File name template    = "*"
 Directories processed = 1
 Total data in bytes   = 527,331,269
 Elapsed time in sec.  = 56.28
 Action speed (MB/min) = 562.2
 Files copied          = 1
 Log File Appended     = X:\Software\Speed-test\stats\GEOMATT\server2local_straight-big_files.log
 Exit code             = 0 (No error, Successful operation)

﻿
===============================================================================
XXCOPY ver 2.97.5   2008-10-22 11:10:34   Windows Ver 5.2.3790 Service Pack 2
 Command Line  = xxcopy /yy /of0 /clone /ff /pb X:\Software\Speed-test\source\big_files d:\speed-test\big_files /oaX:\Software\Speed-test\stats\GEOMATT\server2local_straight-big_files.log
-------------------------------------------------------------------------------
Switch Parameters
 /A0 /BI /C /CA7 /CB0 /CCY /CK /CR3 /CD0 /D0 /DL0 /E /EC0 /ED0 /ER0 /F0 /FM0
 /FF2S /FL /FR /FW /H /I /IN* /JV0 /KS /KCDP /KCFP /L0 /N0 /NC0 /NI0 /NP0 /NW
 /NX0
 /oAX:\Software\Speed-test\stats\GEOMATT\server2local_straight-big_files.log
 /oB2 /oC0 /oD0 /oE0 /oF0 /oI0 /oP0 /oQ0 /oS0 /oX0 /P0 /PB1M /PBH /PC0 /PD0
 /PN /Po0 /PP /PW0 /PZ0 /Q1 /QF0 /QB0 /QS0 /R /RS0 /S /SC0 /SHR /SP0 /SG0 /So1
 /SW0 /SX0 /SZ:- /T0 /TR00 /TS0 /TD0 /TTA0 /TCA0 /TCC0 /TCW /TM0 /U0 /UT0 /V1
 /VL0 /W0 /WD /WL /WN0 /WU0 /Y /YY /ZB1G /ZE /ZS0 /ZX /ZY
-------------------------------------------------------------------------------
 Source base directory = "X:\Software\Speed-test\source\big_files\"
 Destination directory = "D:\speed-test\big_files\"
 File name template    = "*"
 Directories processed = 1
 Total data in bytes   = 527,331,269
 Elapsed time in sec.  = 52.22
 Action speed (MB/min) = 605.9
 Files copied          = 1
 Log File Appended     = X:\Software\Speed-test\stats\GEOMATT\server2local_straight-big_files.log
 Exit code             = 0 (No error, Successful operation)

﻿
===============================================================================
XXCOPY ver 2.97.5   2008-10-22 11:15:49   Windows Ver 5.2.3790 Service Pack 2
 Command Line  = xxcopy /yy /of0 /clone /ff /pb X:\Software\Speed-test\source\big_files d:\speed-test\big_files /oaX:\Software\Speed-test\stats\GEOMATT\server2local_straight-big_files.log
-------------------------------------------------------------------------------
Switch Parameters
 /A0 /BI /C /CA7 /CB0 /CCY /CK /CR3 /CD0 /D0 /DL0 /E /EC0 /ED0 /ER0 /F0 /FM0
 /FF2S /FL /FR /FW /H /I /IN* /JV0 /KS /KCDP /KCFP /L0 /N0 /NC0 /NI0 /NP0 /NW
 /NX0
 /oAX:\Software\Speed-test\stats\GEOMATT\server2local_straight-big_files.log
 /oB2 /oC0 /oD0 /oE0 /oF0 /oI0 /oP0 /oQ0 /oS0 /oX0 /P0 /PB1M /PBH /PC0 /PD0
 /PN /Po0 /PP /PW0 /PZ0 /Q1 /QF0 /QB0 /QS0 /R /RS0 /S /SC0 /SHR /SP0 /SG0 /So1
 /SW0 /SX0 /SZ:- /T0 /TR00 /TS0 /TD0 /TTA0 /TCA0 /TCC0 /TCW /TM0 /U0 /UT0 /V1
 /VL0 /W0 /WD /WL /WN0 /WU0 /Y /YY /ZB1G /ZE /ZS0 /ZX /ZY
-------------------------------------------------------------------------------
 Source base directory = "X:\Software\Speed-test\source\big_files\"
 Destination directory = "D:\speed-test\big_files\"
 File name template    = "*"
 Directories processed = 1
 Total data in bytes   = 527,331,269
 Elapsed time in sec.  = 54.02
 Action speed (MB/min) = 585.7
 Files copied          = 1
 Log File Appended     = X:\Software\Speed-test\stats\GEOMATT\server2local_straight-big_files.log
 Exit code             = 0 (No error, Successful operation)

﻿
===============================================================================
XXCOPY ver 2.97.5   2008-10-22 11:21:06   Windows Ver 5.2.3790 Service Pack 2
 Command Line  = xxcopy /yy /of0 /clone /ff /pb X:\Software\Speed-test\source\big_files d:\speed-test\big_files /oaX:\Software\Speed-test\stats\GEOMATT\server2local_straight-big_files.log
-------------------------------------------------------------------------------
Switch Parameters
 /A0 /BI /C /CA7 /CB0 /CCY /CK /CR3 /CD0 /D0 /DL0 /E /EC0 /ED0 /ER0 /F0 /FM0
 /FF2S /FL /FR /FW /H /I /IN* /JV0 /KS /KCDP /KCFP /L0 /N0 /NC0 /NI0 /NP0 /NW
 /NX0
 /oAX:\Software\Speed-test\stats\GEOMATT\server2local_straight-big_files.log
 /oB2 /oC0 /oD0 /oE0 /oF0 /oI0 /oP0 /oQ0 /oS0 /oX0 /P0 /PB1M /PBH /PC0 /PD0
 /PN /Po0 /PP /PW0 /PZ0 /Q1 /QF0 /QB0 /QS0 /R /RS0 /S /SC0 /SHR /SP0 /SG0 /So1
 /SW0 /SX0 /SZ:- /T0 /TR00 /TS0 /TD0 /TTA0 /TCA0 /TCC0 /TCW /TM0 /U0 /UT0 /V1
 /VL0 /W0 /WD /WL /WN0 /WU0 /Y /YY /ZB1G /ZE /ZS0 /ZX /ZY
-------------------------------------------------------------------------------
 Source base directory = "X:\Software\Speed-test\source\big_files\"
 Destination directory = "D:\speed-test\big_files\"
 File name template    = "*"
 Directories processed = 1
 Total data in bytes   = 527,331,269
 Elapsed time in sec.  =    54
 Action speed (MB/min) = 585.9
 Files copied          = 1
 Log File Appended     = X:\Software\Speed-test\stats\GEOMATT\server2local_straight-big_files.log
 Exit code             = 0 (No error, Successful operation)

﻿
===============================================================================
XXCOPY ver 2.97.5   2008-10-22 11:26:25   Windows Ver 5.2.3790 Service Pack 2
 Command Line  = xxcopy /yy /of0 /clone /ff /pb X:\Software\Speed-test\source\big_files d:\speed-test\big_files /oaX:\Software\Speed-test\stats\GEOMATT\server2local_straight-big_files.log
-------------------------------------------------------------------------------
Switch Parameters
 /A0 /BI /C /CA7 /CB0 /CCY /CK /CR3 /CD0 /D0 /DL0 /E /EC0 /ED0 /ER0 /F0 /FM0
 /FF2S /FL /FR /FW /H /I /IN* /JV0 /KS /KCDP /KCFP /L0 /N0 /NC0 /NI0 /NP0 /NW
 /NX0
 /oAX:\Software\Speed-test\stats\GEOMATT\server2local_straight-big_files.log
 /oB2 /oC0 /oD0 /oE0 /oF0 /oI0 /oP0 /oQ0 /oS0 /oX0 /P0 /PB1M /PBH /PC0 /PD0
 /PN /Po0 /PP /PW0 /PZ0 /Q1 /QF0 /QB0 /QS0 /R /RS0 /S /SC0 /SHR /SP0 /SG0 /So1
 /SW0 /SX0 /SZ:- /T0 /TR00 /TS0 /TD0 /TTA0 /TCA0 /TCC0 /TCW /TM0 /U0 /UT0 /V1
 /VL0 /W0 /WD /WL /WN0 /WU0 /Y /YY /ZB1G /ZE /ZS0 /ZX /ZY
-------------------------------------------------------------------------------
 Source base directory = "X:\Software\Speed-test\source\big_files\"
 Destination directory = "D:\speed-test\big_files\"
 File name template    = "*"
 Directories processed = 1
 Total data in bytes   = 527,331,269
 Elapsed time in sec.  = 54.81
 Action speed (MB/min) = 577.2
 Files copied          = 1
 Log File Appended     = X:\Software\Speed-test\stats\GEOMATT\server2local_straight-big_files.log
 Exit code             = 0 (No error, Successful operation)

