
===============================================================================
XXCOPY ver 2.97.5   2008-10-22 10:34:54   Windows Ver 5.2.3790 Service Pack 2
 Command Line  = xxcopy /yy /of0 /clone /ff /pb X:\Software\Speed-test\source\little_files d:\speed-test\little_files /oaX:\Software\Speed-test\stats\GEOMATT\server2local_straight-little_files.log
-------------------------------------------------------------------------------
Switch Parameters
 /A0 /BI /C /CA7 /CB0 /CCY /CK /CR3 /CD0 /D0 /DL0 /E /EC0 /ED0 /ER0 /F0 /FM0
 /FF2S /FL /FR /FW /H /I /IN* /JV0 /KS /KCDP /KCFP /L0 /N0 /NC0 /NI0 /NP0 /NW
 /NX0
 /oAX:\Software\Speed-test\stats\GEOMATT\server2local_straight-little_files.log
 /oB2 /oC0 /oD0 /oE0 /oF0 /oI0 /oP0 /oQ0 /oS0 /oX0 /P0 /PB1M /PBH /PC0 /PD0
 /PN /Po0 /PP /PW0 /PZ0 /Q1 /QF0 /QB0 /QS0 /R /RS0 /S /SC0 /SHR /SP0 /SG0 /So1
 /SW0 /SX0 /SZ:- /T0 /TR00 /TS0 /TD0 /TTA0 /TCA0 /TCC0 /TCW /TM0 /U0 /UT0 /V1
 /VL0 /W0 /WD /WL /WN0 /WU0 /Y /YY /ZB1G /ZE /ZS0 /ZX /ZY
-------------------------------------------------------------------------------
 Source base directory = "X:\Software\Speed-test\source\little_files\"
 Destination directory = "D:\speed-test\little_files\"
 File name template    = "*"
 Directories processed = 1,491
 Total data in bytes   = 641,411,602
 Elapsed time in sec.  = 188.9 (3 min 8 sec)
 Action speed (MB/min) = 203.7
 Files copied          = 24,344
 Directories created   = 1,490
 Log File Appended     = X:\Software\Speed-test\stats\GEOMATT\server2local_straight-little_files.log
 Exit code             = 0 (No error, Successful operation)

﻿
===============================================================================
XXCOPY ver 2.97.5   2008-10-22 10:40:34   Windows Ver 5.2.3790 Service Pack 2
 Command Line  = xxcopy /yy /of0 /clone /ff /pb X:\Software\Speed-test\source\little_files d:\speed-test\little_files /oaX:\Software\Speed-test\stats\GEOMATT\server2local_straight-little_files.log
-------------------------------------------------------------------------------
Switch Parameters
 /A0 /BI /C /CA7 /CB0 /CCY /CK /CR3 /CD0 /D0 /DL0 /E /EC0 /ED0 /ER0 /F0 /FM0
 /FF2S /FL /FR /FW /H /I /IN* /JV0 /KS /KCDP /KCFP /L0 /N0 /NC0 /NI0 /NP0 /NW
 /NX0
 /oAX:\Software\Speed-test\stats\GEOMATT\server2local_straight-little_files.log
 /oB2 /oC0 /oD0 /oE0 /oF0 /oI0 /oP0 /oQ0 /oS0 /oX0 /P0 /PB1M /PBH /PC0 /PD0
 /PN /Po0 /PP /PW0 /PZ0 /Q1 /QF0 /QB0 /QS0 /R /RS0 /S /SC0 /SHR /SP0 /SG0 /So1
 /SW0 /SX0 /SZ:- /T0 /TR00 /TS0 /TD0 /TTA0 /TCA0 /TCC0 /TCW /TM0 /U0 /UT0 /V1
 /VL0 /W0 /WD /WL /WN0 /WU0 /Y /YY /ZB1G /ZE /ZS0 /ZX /ZY
-------------------------------------------------------------------------------
 Source base directory = "X:\Software\Speed-test\source\little_files\"
 Destination directory = "D:\speed-test\little_files\"
 File name template    = "*"
 Directories processed = 1,491
 Total data in bytes   = 641,411,602
 Elapsed time in sec.  = 160.3 (2 min 40 sec)
 Action speed (MB/min) = 240.1
 Files copied          = 24,344
 Directories created   = 1,490
 Log File Appended     = X:\Software\Speed-test\stats\GEOMATT\server2local_straight-little_files.log
 Exit code             = 0 (No error, Successful operation)

﻿
===============================================================================
XXCOPY ver 2.97.5   2008-10-22 10:45:49   Windows Ver 5.2.3790 Service Pack 2
 Command Line  = xxcopy /yy /of0 /clone /ff /pb X:\Software\Speed-test\source\little_files d:\speed-test\little_files /oaX:\Software\Speed-test\stats\GEOMATT\server2local_straight-little_files.log
-------------------------------------------------------------------------------
Switch Parameters
 /A0 /BI /C /CA7 /CB0 /CCY /CK /CR3 /CD0 /D0 /DL0 /E /EC0 /ED0 /ER0 /F0 /FM0
 /FF2S /FL /FR /FW /H /I /IN* /JV0 /KS /KCDP /KCFP /L0 /N0 /NC0 /NI0 /NP0 /NW
 /NX0
 /oAX:\Software\Speed-test\stats\GEOMATT\server2local_straight-little_files.log
 /oB2 /oC0 /oD0 /oE0 /oF0 /oI0 /oP0 /oQ0 /oS0 /oX0 /P0 /PB1M /PBH /PC0 /PD0
 /PN /Po0 /PP /PW0 /PZ0 /Q1 /QF0 /QB0 /QS0 /R /RS0 /S /SC0 /SHR /SP0 /SG0 /So1
 /SW0 /SX0 /SZ:- /T0 /TR00 /TS0 /TD0 /TTA0 /TCA0 /TCC0 /TCW /TM0 /U0 /UT0 /V1
 /VL0 /W0 /WD /WL /WN0 /WU0 /Y /YY /ZB1G /ZE /ZS0 /ZX /ZY
-------------------------------------------------------------------------------
 Source base directory = "X:\Software\Speed-test\source\little_files\"
 Destination directory = "D:\speed-test\little_files\"
 File name template    = "*"
 Directories processed = 1,491
 Total data in bytes   = 641,411,602
 Elapsed time in sec.  = 157.9 (2 min 37 sec)
 Action speed (MB/min) = 243.7
 Files copied          = 24,344
 Directories created   = 1,490
 Log File Appended     = X:\Software\Speed-test\stats\GEOMATT\server2local_straight-little_files.log
 Exit code             = 0 (No error, Successful operation)

﻿
===============================================================================
XXCOPY ver 2.97.5   2008-10-22 10:51:00   Windows Ver 5.2.3790 Service Pack 2
 Command Line  = xxcopy /yy /of0 /clone /ff /pb X:\Software\Speed-test\source\little_files d:\speed-test\little_files /oaX:\Software\Speed-test\stats\GEOMATT\server2local_straight-little_files.log
-------------------------------------------------------------------------------
Switch Parameters
 /A0 /BI /C /CA7 /CB0 /CCY /CK /CR3 /CD0 /D0 /DL0 /E /EC0 /ED0 /ER0 /F0 /FM0
 /FF2S /FL /FR /FW /H /I /IN* /JV0 /KS /KCDP /KCFP /L0 /N0 /NC0 /NI0 /NP0 /NW
 /NX0
 /oAX:\Software\Speed-test\stats\GEOMATT\server2local_straight-little_files.log
 /oB2 /oC0 /oD0 /oE0 /oF0 /oI0 /oP0 /oQ0 /oS0 /oX0 /P0 /PB1M /PBH /PC0 /PD0
 /PN /Po0 /PP /PW0 /PZ0 /Q1 /QF0 /QB0 /QS0 /R /RS0 /S /SC0 /SHR /SP0 /SG0 /So1
 /SW0 /SX0 /SZ:- /T0 /TR00 /TS0 /TD0 /TTA0 /TCA0 /TCC0 /TCW /TM0 /U0 /UT0 /V1
 /VL0 /W0 /WD /WL /WN0 /WU0 /Y /YY /ZB1G /ZE /ZS0 /ZX /ZY
-------------------------------------------------------------------------------
 Source base directory = "X:\Software\Speed-test\source\little_files\"
 Destination directory = "D:\speed-test\little_files\"
 File name template    = "*"
 Directories processed = 1,491
 Total data in bytes   = 641,411,602
 Elapsed time in sec.  = 162.2 (2 min 42 sec)
 Action speed (MB/min) = 237.3
 Files copied          = 24,344
 Directories created   = 1,490
 Log File Appended     = X:\Software\Speed-test\stats\GEOMATT\server2local_straight-little_files.log
 Exit code             = 0 (No error, Successful operation)

﻿
===============================================================================
XXCOPY ver 2.97.5   2008-10-22 10:56:14   Windows Ver 5.2.3790 Service Pack 2
 Command Line  = xxcopy /yy /of0 /clone /ff /pb X:\Software\Speed-test\source\little_files d:\speed-test\little_files /oaX:\Software\Speed-test\stats\GEOMATT\server2local_straight-little_files.log
-------------------------------------------------------------------------------
Switch Parameters
 /A0 /BI /C /CA7 /CB0 /CCY /CK /CR3 /CD0 /D0 /DL0 /E /EC0 /ED0 /ER0 /F0 /FM0
 /FF2S /FL /FR /FW /H /I /IN* /JV0 /KS /KCDP /KCFP /L0 /N0 /NC0 /NI0 /NP0 /NW
 /NX0
 /oAX:\Software\Speed-test\stats\GEOMATT\server2local_straight-little_files.log
 /oB2 /oC0 /oD0 /oE0 /oF0 /oI0 /oP0 /oQ0 /oS0 /oX0 /P0 /PB1M /PBH /PC0 /PD0
 /PN /Po0 /PP /PW0 /PZ0 /Q1 /QF0 /QB0 /QS0 /R /RS0 /S /SC0 /SHR /SP0 /SG0 /So1
 /SW0 /SX0 /SZ:- /T0 /TR00 /TS0 /TD0 /TTA0 /TCA0 /TCC0 /TCW /TM0 /U0 /UT0 /V1
 /VL0 /W0 /WD /WL /WN0 /WU0 /Y /YY /ZB1G /ZE /ZS0 /ZX /ZY
-------------------------------------------------------------------------------
 Source base directory = "X:\Software\Speed-test\source\little_files\"
 Destination directory = "D:\speed-test\little_files\"
 File name template    = "*"
 Directories processed = 1,491
 Total data in bytes   = 641,411,602
 Elapsed time in sec.  = 159.2 (2 min 39 sec)
 Action speed (MB/min) = 241.8
 Files copied          = 24,344
 Directories created   = 1,490
 Log File Appended     = X:\Software\Speed-test\stats\GEOMATT\server2local_straight-little_files.log
 Exit code             = 0 (No error, Successful operation)

﻿
===============================================================================
XXCOPY ver 2.97.5   2008-10-22 11:01:26   Windows Ver 5.2.3790 Service Pack 2
 Command Line  = xxcopy /yy /of0 /clone /ff /pb X:\Software\Speed-test\source\little_files d:\speed-test\little_files /oaX:\Software\Speed-test\stats\GEOMATT\server2local_straight-little_files.log
-------------------------------------------------------------------------------
Switch Parameters
 /A0 /BI /C /CA7 /CB0 /CCY /CK /CR3 /CD0 /D0 /DL0 /E /EC0 /ED0 /ER0 /F0 /FM0
 /FF2S /FL /FR /FW /H /I /IN* /JV0 /KS /KCDP /KCFP /L0 /N0 /NC0 /NI0 /NP0 /NW
 /NX0
 /oAX:\Software\Speed-test\stats\GEOMATT\server2local_straight-little_files.log
 /oB2 /oC0 /oD0 /oE0 /oF0 /oI0 /oP0 /oQ0 /oS0 /oX0 /P0 /PB1M /PBH /PC0 /PD0
 /PN /Po0 /PP /PW0 /PZ0 /Q1 /QF0 /QB0 /QS0 /R /RS0 /S /SC0 /SHR /SP0 /SG0 /So1
 /SW0 /SX0 /SZ:- /T0 /TR00 /TS0 /TD0 /TTA0 /TCA0 /TCC0 /TCW /TM0 /U0 /UT0 /V1
 /VL0 /W0 /WD /WL /WN0 /WU0 /Y /YY /ZB1G /ZE /ZS0 /ZX /ZY
-------------------------------------------------------------------------------
 Source base directory = "X:\Software\Speed-test\source\little_files\"
 Destination directory = "D:\speed-test\little_files\"
 File name template    = "*"
 Directories processed = 1,491
 Total data in bytes   = 641,411,602
 Elapsed time in sec.  = 159.5 (2 min 39 sec)
 Action speed (MB/min) = 241.3
 Files copied          = 24,344
 Directories created   = 1,490
 Log File Appended     = X:\Software\Speed-test\stats\GEOMATT\server2local_straight-little_files.log
 Exit code             = 0 (No error, Successful operation)

﻿
===============================================================================
XXCOPY ver 2.97.5   2008-10-22 11:06:42   Windows Ver 5.2.3790 Service Pack 2
 Command Line  = xxcopy /yy /of0 /clone /ff /pb X:\Software\Speed-test\source\little_files d:\speed-test\little_files /oaX:\Software\Speed-test\stats\GEOMATT\server2local_straight-little_files.log
-------------------------------------------------------------------------------
Switch Parameters
 /A0 /BI /C /CA7 /CB0 /CCY /CK /CR3 /CD0 /D0 /DL0 /E /EC0 /ED0 /ER0 /F0 /FM0
 /FF2S /FL /FR /FW /H /I /IN* /JV0 /KS /KCDP /KCFP /L0 /N0 /NC0 /NI0 /NP0 /NW
 /NX0
 /oAX:\Software\Speed-test\stats\GEOMATT\server2local_straight-little_files.log
 /oB2 /oC0 /oD0 /oE0 /oF0 /oI0 /oP0 /oQ0 /oS0 /oX0 /P0 /PB1M /PBH /PC0 /PD0
 /PN /Po0 /PP /PW0 /PZ0 /Q1 /QF0 /QB0 /QS0 /R /RS0 /S /SC0 /SHR /SP0 /SG0 /So1
 /SW0 /SX0 /SZ:- /T0 /TR00 /TS0 /TD0 /TTA0 /TCA0 /TCC0 /TCW /TM0 /U0 /UT0 /V1
 /VL0 /W0 /WD /WL /WN0 /WU0 /Y /YY /ZB1G /ZE /ZS0 /ZX /ZY
-------------------------------------------------------------------------------
 Source base directory = "X:\Software\Speed-test\source\little_files\"
 Destination directory = "D:\speed-test\little_files\"
 File name template    = "*"
 Directories processed = 1,491
 Total data in bytes   = 641,411,602
 Elapsed time in sec.  = 158.7 (2 min 38 sec)
 Action speed (MB/min) = 242.5
 Files copied          = 24,344
 Directories created   = 1,490
 Log File Appended     = X:\Software\Speed-test\stats\GEOMATT\server2local_straight-little_files.log
 Exit code             = 0 (No error, Successful operation)

﻿
===============================================================================
XXCOPY ver 2.97.5   2008-10-22 11:11:55   Windows Ver 5.2.3790 Service Pack 2
 Command Line  = xxcopy /yy /of0 /clone /ff /pb X:\Software\Speed-test\source\little_files d:\speed-test\little_files /oaX:\Software\Speed-test\stats\GEOMATT\server2local_straight-little_files.log
-------------------------------------------------------------------------------
Switch Parameters
 /A0 /BI /C /CA7 /CB0 /CCY /CK /CR3 /CD0 /D0 /DL0 /E /EC0 /ED0 /ER0 /F0 /FM0
 /FF2S /FL /FR /FW /H /I /IN* /JV0 /KS /KCDP /KCFP /L0 /N0 /NC0 /NI0 /NP0 /NW
 /NX0
 /oAX:\Software\Speed-test\stats\GEOMATT\server2local_straight-little_files.log
 /oB2 /oC0 /oD0 /oE0 /oF0 /oI0 /oP0 /oQ0 /oS0 /oX0 /P0 /PB1M /PBH /PC0 /PD0
 /PN /Po0 /PP /PW0 /PZ0 /Q1 /QF0 /QB0 /QS0 /R /RS0 /S /SC0 /SHR /SP0 /SG0 /So1
 /SW0 /SX0 /SZ:- /T0 /TR00 /TS0 /TD0 /TTA0 /TCA0 /TCC0 /TCW /TM0 /U0 /UT0 /V1
 /VL0 /W0 /WD /WL /WN0 /WU0 /Y /YY /ZB1G /ZE /ZS0 /ZX /ZY
-------------------------------------------------------------------------------
 Source base directory = "X:\Software\Speed-test\source\little_files\"
 Destination directory = "D:\speed-test\little_files\"
 File name template    = "*"
 Directories processed = 1,491
 Total data in bytes   = 641,411,602
 Elapsed time in sec.  = 161.6 (2 min 41 sec)
 Action speed (MB/min) = 238.2
 Files copied          = 24,344
 Directories created   = 1,490
 Log File Appended     = X:\Software\Speed-test\stats\GEOMATT\server2local_straight-little_files.log
 Exit code             = 0 (No error, Successful operation)

﻿
===============================================================================
XXCOPY ver 2.97.5   2008-10-22 11:17:04   Windows Ver 5.2.3790 Service Pack 2
 Command Line  = xxcopy /yy /of0 /clone /ff /pb X:\Software\Speed-test\source\little_files d:\speed-test\little_files /oaX:\Software\Speed-test\stats\GEOMATT\server2local_straight-little_files.log
-------------------------------------------------------------------------------
Switch Parameters
 /A0 /BI /C /CA7 /CB0 /CCY /CK /CR3 /CD0 /D0 /DL0 /E /EC0 /ED0 /ER0 /F0 /FM0
 /FF2S /FL /FR /FW /H /I /IN* /JV0 /KS /KCDP /KCFP /L0 /N0 /NC0 /NI0 /NP0 /NW
 /NX0
 /oAX:\Software\Speed-test\stats\GEOMATT\server2local_straight-little_files.log
 /oB2 /oC0 /oD0 /oE0 /oF0 /oI0 /oP0 /oQ0 /oS0 /oX0 /P0 /PB1M /PBH /PC0 /PD0
 /PN /Po0 /PP /PW0 /PZ0 /Q1 /QF0 /QB0 /QS0 /R /RS0 /S /SC0 /SHR /SP0 /SG0 /So1
 /SW0 /SX0 /SZ:- /T0 /TR00 /TS0 /TD0 /TTA0 /TCA0 /TCC0 /TCW /TM0 /U0 /UT0 /V1
 /VL0 /W0 /WD /WL /WN0 /WU0 /Y /YY /ZB1G /ZE /ZS0 /ZX /ZY
-------------------------------------------------------------------------------
 Source base directory = "X:\Software\Speed-test\source\little_files\"
 Destination directory = "D:\speed-test\little_files\"
 File name template    = "*"
 Directories processed = 1,491
 Total data in bytes   = 641,411,602
 Elapsed time in sec.  = 168.6 (2 min 48 sec)
 Action speed (MB/min) = 228.2
 Files copied          = 24,344
 Directories created   = 1,490
 Log File Appended     = X:\Software\Speed-test\stats\GEOMATT\server2local_straight-little_files.log
 Exit code             = 0 (No error, Successful operation)

﻿
===============================================================================
XXCOPY ver 2.97.5   2008-10-22 11:22:31   Windows Ver 5.2.3790 Service Pack 2
 Command Line  = xxcopy /yy /of0 /clone /ff /pb X:\Software\Speed-test\source\little_files d:\speed-test\little_files /oaX:\Software\Speed-test\stats\GEOMATT\server2local_straight-little_files.log
-------------------------------------------------------------------------------
Switch Parameters
 /A0 /BI /C /CA7 /CB0 /CCY /CK /CR3 /CD0 /D0 /DL0 /E /EC0 /ED0 /ER0 /F0 /FM0
 /FF2S /FL /FR /FW /H /I /IN* /JV0 /KS /KCDP /KCFP /L0 /N0 /NC0 /NI0 /NP0 /NW
 /NX0
 /oAX:\Software\Speed-test\stats\GEOMATT\server2local_straight-little_files.log
 /oB2 /oC0 /oD0 /oE0 /oF0 /oI0 /oP0 /oQ0 /oS0 /oX0 /P0 /PB1M /PBH /PC0 /PD0
 /PN /Po0 /PP /PW0 /PZ0 /Q1 /QF0 /QB0 /QS0 /R /RS0 /S /SC0 /SHR /SP0 /SG0 /So1
 /SW0 /SX0 /SZ:- /T0 /TR00 /TS0 /TD0 /TTA0 /TCA0 /TCC0 /TCW /TM0 /U0 /UT0 /V1
 /VL0 /W0 /WD /WL /WN0 /WU0 /Y /YY /ZB1G /ZE /ZS0 /ZX /ZY
-------------------------------------------------------------------------------
 Source base directory = "X:\Software\Speed-test\source\little_files\"
 Destination directory = "D:\speed-test\little_files\"
 File name template    = "*"
 Directories processed = 1,491
 Total data in bytes   = 641,411,602
 Elapsed time in sec.  = 161.2 (2 min 41 sec)
 Action speed (MB/min) = 238.8
 Files copied          = 24,344
 Directories created   = 1,490
 Log File Appended     = X:\Software\Speed-test\stats\GEOMATT\server2local_straight-little_files.log
 Exit code             = 0 (No error, Successful operation)

