
===============================================================================
XXCOPY ver 2.97.5   2008-10-22 10:38:16   Windows Ver 5.2.3790 Service Pack 2
 Command Line  = xxcopy /yy /of0 /clone /ff /pb X:\Software\Speed-test\source\little_files d:\speed-test\little_files /oaX:\Software\Speed-test\stats\GEOMATT\server2local_diff-little_files.log
-------------------------------------------------------------------------------
Switch Parameters
 /A0 /BI /C /CA7 /CB0 /CCY /CK /CR3 /CD0 /D0 /DL0 /E /EC0 /ED0 /ER0 /F0 /FM0
 /FF2S /FL /FR /FW /H /I /IN* /JV0 /KS /KCDP /KCFP /L0 /N0 /NC0 /NI0 /NP0 /NW
 /NX0
 /oAX:\Software\Speed-test\stats\GEOMATT\server2local_diff-little_files.log
 /oB2 /oC0 /oD0 /oE0 /oF0 /oI0 /oP0 /oQ0 /oS0 /oX0 /P0 /PB1M /PBH /PC0 /PD0
 /PN /Po0 /PP /PW0 /PZ0 /Q1 /QF0 /QB0 /QS0 /R /RS0 /S /SC0 /SHR /SP0 /SG0 /So1
 /SW0 /SX0 /SZ:- /T0 /TR00 /TS0 /TD0 /TTA0 /TCA0 /TCC0 /TCW /TM0 /U0 /UT0 /V1
 /VL0 /W0 /WD /WL /WN0 /WU0 /Y /YY /ZB1G /ZE /ZS0 /ZX /ZY
-------------------------------------------------------------------------------
 Source base directory = "X:\Software\Speed-test\source\little_files\"
 Destination directory = "D:\speed-test\little_files\"
 File name template    = "*"
 Directories processed = 1,491
 Total data in bytes   = 208,731,021
 Elapsed time in sec.  = 47.38
 Action speed (MB/min) = 264.3
 Files examined        = 24,344
 Files copied          = 532
 Directories created   = 76
 Log File Appended     = X:\Software\Speed-test\stats\GEOMATT\server2local_diff-little_files.log
 Exit code             = 0 (No error, Successful operation)

﻿
===============================================================================
XXCOPY ver 2.97.5   2008-10-22 10:43:28   Windows Ver 5.2.3790 Service Pack 2
 Command Line  = xxcopy /yy /of0 /clone /ff /pb X:\Software\Speed-test\source\little_files d:\speed-test\little_files /oaX:\Software\Speed-test\stats\GEOMATT\server2local_diff-little_files.log
-------------------------------------------------------------------------------
Switch Parameters
 /A0 /BI /C /CA7 /CB0 /CCY /CK /CR3 /CD0 /D0 /DL0 /E /EC0 /ED0 /ER0 /F0 /FM0
 /FF2S /FL /FR /FW /H /I /IN* /JV0 /KS /KCDP /KCFP /L0 /N0 /NC0 /NI0 /NP0 /NW
 /NX0
 /oAX:\Software\Speed-test\stats\GEOMATT\server2local_diff-little_files.log
 /oB2 /oC0 /oD0 /oE0 /oF0 /oI0 /oP0 /oQ0 /oS0 /oX0 /P0 /PB1M /PBH /PC0 /PD0
 /PN /Po0 /PP /PW0 /PZ0 /Q1 /QF0 /QB0 /QS0 /R /RS0 /S /SC0 /SHR /SP0 /SG0 /So1
 /SW0 /SX0 /SZ:- /T0 /TR00 /TS0 /TD0 /TTA0 /TCA0 /TCC0 /TCW /TM0 /U0 /UT0 /V1
 /VL0 /W0 /WD /WL /WN0 /WU0 /Y /YY /ZB1G /ZE /ZS0 /ZX /ZY
-------------------------------------------------------------------------------
 Source base directory = "X:\Software\Speed-test\source\little_files\"
 Destination directory = "D:\speed-test\little_files\"
 File name template    = "*"
 Directories processed = 1,491
 Total data in bytes   = 208,731,021
 Elapsed time in sec.  =  47.7
 Action speed (MB/min) = 262.6
 Files examined        = 24,344
 Files copied          = 532
 Directories created   = 76
 Log File Appended     = X:\Software\Speed-test\stats\GEOMATT\server2local_diff-little_files.log
 Exit code             = 0 (No error, Successful operation)

﻿
===============================================================================
XXCOPY ver 2.97.5   2008-10-22 10:48:41   Windows Ver 5.2.3790 Service Pack 2
 Command Line  = xxcopy /yy /of0 /clone /ff /pb X:\Software\Speed-test\source\little_files d:\speed-test\little_files /oaX:\Software\Speed-test\stats\GEOMATT\server2local_diff-little_files.log
-------------------------------------------------------------------------------
Switch Parameters
 /A0 /BI /C /CA7 /CB0 /CCY /CK /CR3 /CD0 /D0 /DL0 /E /EC0 /ED0 /ER0 /F0 /FM0
 /FF2S /FL /FR /FW /H /I /IN* /JV0 /KS /KCDP /KCFP /L0 /N0 /NC0 /NI0 /NP0 /NW
 /NX0
 /oAX:\Software\Speed-test\stats\GEOMATT\server2local_diff-little_files.log
 /oB2 /oC0 /oD0 /oE0 /oF0 /oI0 /oP0 /oQ0 /oS0 /oX0 /P0 /PB1M /PBH /PC0 /PD0
 /PN /Po0 /PP /PW0 /PZ0 /Q1 /QF0 /QB0 /QS0 /R /RS0 /S /SC0 /SHR /SP0 /SG0 /So1
 /SW0 /SX0 /SZ:- /T0 /TR00 /TS0 /TD0 /TTA0 /TCA0 /TCC0 /TCW /TM0 /U0 /UT0 /V1
 /VL0 /W0 /WD /WL /WN0 /WU0 /Y /YY /ZB1G /ZE /ZS0 /ZX /ZY
-------------------------------------------------------------------------------
 Source base directory = "X:\Software\Speed-test\source\little_files\"
 Destination directory = "D:\speed-test\little_files\"
 File name template    = "*"
 Directories processed = 1,491
 Total data in bytes   = 208,731,021
 Elapsed time in sec.  = 47.44
 Action speed (MB/min) = 264
 Files examined        = 24,344
 Files copied          = 532
 Directories created   = 76
 Log File Appended     = X:\Software\Speed-test\stats\GEOMATT\server2local_diff-little_files.log
 Exit code             = 0 (No error, Successful operation)

﻿
===============================================================================
XXCOPY ver 2.97.5   2008-10-22 10:53:56   Windows Ver 5.2.3790 Service Pack 2
 Command Line  = xxcopy /yy /of0 /clone /ff /pb X:\Software\Speed-test\source\little_files d:\speed-test\little_files /oaX:\Software\Speed-test\stats\GEOMATT\server2local_diff-little_files.log
-------------------------------------------------------------------------------
Switch Parameters
 /A0 /BI /C /CA7 /CB0 /CCY /CK /CR3 /CD0 /D0 /DL0 /E /EC0 /ED0 /ER0 /F0 /FM0
 /FF2S /FL /FR /FW /H /I /IN* /JV0 /KS /KCDP /KCFP /L0 /N0 /NC0 /NI0 /NP0 /NW
 /NX0
 /oAX:\Software\Speed-test\stats\GEOMATT\server2local_diff-little_files.log
 /oB2 /oC0 /oD0 /oE0 /oF0 /oI0 /oP0 /oQ0 /oS0 /oX0 /P0 /PB1M /PBH /PC0 /PD0
 /PN /Po0 /PP /PW0 /PZ0 /Q1 /QF0 /QB0 /QS0 /R /RS0 /S /SC0 /SHR /SP0 /SG0 /So1
 /SW0 /SX0 /SZ:- /T0 /TR00 /TS0 /TD0 /TTA0 /TCA0 /TCC0 /TCW /TM0 /U0 /UT0 /V1
 /VL0 /W0 /WD /WL /WN0 /WU0 /Y /YY /ZB1G /ZE /ZS0 /ZX /ZY
-------------------------------------------------------------------------------
 Source base directory = "X:\Software\Speed-test\source\little_files\"
 Destination directory = "D:\speed-test\little_files\"
 File name template    = "*"
 Directories processed = 1,491
 Total data in bytes   = 208,731,021
 Elapsed time in sec.  = 47.91
 Action speed (MB/min) = 261.4
 Files examined        = 24,344
 Files copied          = 532
 Directories created   = 76
 Log File Appended     = X:\Software\Speed-test\stats\GEOMATT\server2local_diff-little_files.log
 Exit code             = 0 (No error, Successful operation)

﻿
===============================================================================
XXCOPY ver 2.97.5   2008-10-22 10:59:07   Windows Ver 5.2.3790 Service Pack 2
 Command Line  = xxcopy /yy /of0 /clone /ff /pb X:\Software\Speed-test\source\little_files d:\speed-test\little_files /oaX:\Software\Speed-test\stats\GEOMATT\server2local_diff-little_files.log
-------------------------------------------------------------------------------
Switch Parameters
 /A0 /BI /C /CA7 /CB0 /CCY /CK /CR3 /CD0 /D0 /DL0 /E /EC0 /ED0 /ER0 /F0 /FM0
 /FF2S /FL /FR /FW /H /I /IN* /JV0 /KS /KCDP /KCFP /L0 /N0 /NC0 /NI0 /NP0 /NW
 /NX0
 /oAX:\Software\Speed-test\stats\GEOMATT\server2local_diff-little_files.log
 /oB2 /oC0 /oD0 /oE0 /oF0 /oI0 /oP0 /oQ0 /oS0 /oX0 /P0 /PB1M /PBH /PC0 /PD0
 /PN /Po0 /PP /PW0 /PZ0 /Q1 /QF0 /QB0 /QS0 /R /RS0 /S /SC0 /SHR /SP0 /SG0 /So1
 /SW0 /SX0 /SZ:- /T0 /TR00 /TS0 /TD0 /TTA0 /TCA0 /TCC0 /TCW /TM0 /U0 /UT0 /V1
 /VL0 /W0 /WD /WL /WN0 /WU0 /Y /YY /ZB1G /ZE /ZS0 /ZX /ZY
-------------------------------------------------------------------------------
 Source base directory = "X:\Software\Speed-test\source\little_files\"
 Destination directory = "D:\speed-test\little_files\"
 File name template    = "*"
 Directories processed = 1,491
 Total data in bytes   = 208,731,021
 Elapsed time in sec.  = 47.61
 Action speed (MB/min) = 263
 Files examined        = 24,344
 Files copied          = 532
 Directories created   = 76
 Log File Appended     = X:\Software\Speed-test\stats\GEOMATT\server2local_diff-little_files.log
 Exit code             = 0 (No error, Successful operation)

﻿
===============================================================================
XXCOPY ver 2.97.5   2008-10-22 11:04:20   Windows Ver 5.2.3790 Service Pack 2
 Command Line  = xxcopy /yy /of0 /clone /ff /pb X:\Software\Speed-test\source\little_files d:\speed-test\little_files /oaX:\Software\Speed-test\stats\GEOMATT\server2local_diff-little_files.log
-------------------------------------------------------------------------------
Switch Parameters
 /A0 /BI /C /CA7 /CB0 /CCY /CK /CR3 /CD0 /D0 /DL0 /E /EC0 /ED0 /ER0 /F0 /FM0
 /FF2S /FL /FR /FW /H /I /IN* /JV0 /KS /KCDP /KCFP /L0 /N0 /NC0 /NI0 /NP0 /NW
 /NX0
 /oAX:\Software\Speed-test\stats\GEOMATT\server2local_diff-little_files.log
 /oB2 /oC0 /oD0 /oE0 /oF0 /oI0 /oP0 /oQ0 /oS0 /oX0 /P0 /PB1M /PBH /PC0 /PD0
 /PN /Po0 /PP /PW0 /PZ0 /Q1 /QF0 /QB0 /QS0 /R /RS0 /S /SC0 /SHR /SP0 /SG0 /So1
 /SW0 /SX0 /SZ:- /T0 /TR00 /TS0 /TD0 /TTA0 /TCA0 /TCC0 /TCW /TM0 /U0 /UT0 /V1
 /VL0 /W0 /WD /WL /WN0 /WU0 /Y /YY /ZB1G /ZE /ZS0 /ZX /ZY
-------------------------------------------------------------------------------
 Source base directory = "X:\Software\Speed-test\source\little_files\"
 Destination directory = "D:\speed-test\little_files\"
 File name template    = "*"
 Directories processed = 1,491
 Total data in bytes   = 208,731,021
 Elapsed time in sec.  = 47.95
 Action speed (MB/min) = 261.2
 Files examined        = 24,344
 Files copied          = 532
 Directories created   = 76
 Log File Appended     = X:\Software\Speed-test\stats\GEOMATT\server2local_diff-little_files.log
 Exit code             = 0 (No error, Successful operation)

﻿
===============================================================================
XXCOPY ver 2.97.5   2008-10-22 11:09:34   Windows Ver 5.2.3790 Service Pack 2
 Command Line  = xxcopy /yy /of0 /clone /ff /pb X:\Software\Speed-test\source\little_files d:\speed-test\little_files /oaX:\Software\Speed-test\stats\GEOMATT\server2local_diff-little_files.log
-------------------------------------------------------------------------------
Switch Parameters
 /A0 /BI /C /CA7 /CB0 /CCY /CK /CR3 /CD0 /D0 /DL0 /E /EC0 /ED0 /ER0 /F0 /FM0
 /FF2S /FL /FR /FW /H /I /IN* /JV0 /KS /KCDP /KCFP /L0 /N0 /NC0 /NI0 /NP0 /NW
 /NX0
 /oAX:\Software\Speed-test\stats\GEOMATT\server2local_diff-little_files.log
 /oB2 /oC0 /oD0 /oE0 /oF0 /oI0 /oP0 /oQ0 /oS0 /oX0 /P0 /PB1M /PBH /PC0 /PD0
 /PN /Po0 /PP /PW0 /PZ0 /Q1 /QF0 /QB0 /QS0 /R /RS0 /S /SC0 /SHR /SP0 /SG0 /So1
 /SW0 /SX0 /SZ:- /T0 /TR00 /TS0 /TD0 /TTA0 /TCA0 /TCC0 /TCW /TM0 /U0 /UT0 /V1
 /VL0 /W0 /WD /WL /WN0 /WU0 /Y /YY /ZB1G /ZE /ZS0 /ZX /ZY
-------------------------------------------------------------------------------
 Source base directory = "X:\Software\Speed-test\source\little_files\"
 Destination directory = "D:\speed-test\little_files\"
 File name template    = "*"
 Directories processed = 1,491
 Total data in bytes   = 208,731,021
 Elapsed time in sec.  = 47.92
 Action speed (MB/min) = 261.3
 Files examined        = 24,344
 Files copied          = 532
 Directories created   = 76
 Log File Appended     = X:\Software\Speed-test\stats\GEOMATT\server2local_diff-little_files.log
 Exit code             = 0 (No error, Successful operation)

﻿
===============================================================================
XXCOPY ver 2.97.5   2008-10-22 11:14:50   Windows Ver 5.2.3790 Service Pack 2
 Command Line  = xxcopy /yy /of0 /clone /ff /pb X:\Software\Speed-test\source\little_files d:\speed-test\little_files /oaX:\Software\Speed-test\stats\GEOMATT\server2local_diff-little_files.log
-------------------------------------------------------------------------------
Switch Parameters
 /A0 /BI /C /CA7 /CB0 /CCY /CK /CR3 /CD0 /D0 /DL0 /E /EC0 /ED0 /ER0 /F0 /FM0
 /FF2S /FL /FR /FW /H /I /IN* /JV0 /KS /KCDP /KCFP /L0 /N0 /NC0 /NI0 /NP0 /NW
 /NX0
 /oAX:\Software\Speed-test\stats\GEOMATT\server2local_diff-little_files.log
 /oB2 /oC0 /oD0 /oE0 /oF0 /oI0 /oP0 /oQ0 /oS0 /oX0 /P0 /PB1M /PBH /PC0 /PD0
 /PN /Po0 /PP /PW0 /PZ0 /Q1 /QF0 /QB0 /QS0 /R /RS0 /S /SC0 /SHR /SP0 /SG0 /So1
 /SW0 /SX0 /SZ:- /T0 /TR00 /TS0 /TD0 /TTA0 /TCA0 /TCC0 /TCW /TM0 /U0 /UT0 /V1
 /VL0 /W0 /WD /WL /WN0 /WU0 /Y /YY /ZB1G /ZE /ZS0 /ZX /ZY
-------------------------------------------------------------------------------
 Source base directory = "X:\Software\Speed-test\source\little_files\"
 Destination directory = "D:\speed-test\little_files\"
 File name template    = "*"
 Directories processed = 1,491
 Total data in bytes   = 208,731,021
 Elapsed time in sec.  = 47.49
 Action speed (MB/min) = 263.7
 Files examined        = 24,344
 Files copied          = 532
 Directories created   = 76
 Log File Appended     = X:\Software\Speed-test\stats\GEOMATT\server2local_diff-little_files.log
 Exit code             = 0 (No error, Successful operation)

﻿
===============================================================================
XXCOPY ver 2.97.5   2008-10-22 11:20:07   Windows Ver 5.2.3790 Service Pack 2
 Command Line  = xxcopy /yy /of0 /clone /ff /pb X:\Software\Speed-test\source\little_files d:\speed-test\little_files /oaX:\Software\Speed-test\stats\GEOMATT\server2local_diff-little_files.log
-------------------------------------------------------------------------------
Switch Parameters
 /A0 /BI /C /CA7 /CB0 /CCY /CK /CR3 /CD0 /D0 /DL0 /E /EC0 /ED0 /ER0 /F0 /FM0
 /FF2S /FL /FR /FW /H /I /IN* /JV0 /KS /KCDP /KCFP /L0 /N0 /NC0 /NI0 /NP0 /NW
 /NX0
 /oAX:\Software\Speed-test\stats\GEOMATT\server2local_diff-little_files.log
 /oB2 /oC0 /oD0 /oE0 /oF0 /oI0 /oP0 /oQ0 /oS0 /oX0 /P0 /PB1M /PBH /PC0 /PD0
 /PN /Po0 /PP /PW0 /PZ0 /Q1 /QF0 /QB0 /QS0 /R /RS0 /S /SC0 /SHR /SP0 /SG0 /So1
 /SW0 /SX0 /SZ:- /T0 /TR00 /TS0 /TD0 /TTA0 /TCA0 /TCC0 /TCW /TM0 /U0 /UT0 /V1
 /VL0 /W0 /WD /WL /WN0 /WU0 /Y /YY /ZB1G /ZE /ZS0 /ZX /ZY
-------------------------------------------------------------------------------
 Source base directory = "X:\Software\Speed-test\source\little_files\"
 Destination directory = "D:\speed-test\little_files\"
 File name template    = "*"
 Directories processed = 1,491
 Total data in bytes   = 208,731,021
 Elapsed time in sec.  = 47.59
 Action speed (MB/min) = 263.2
 Files examined        = 24,344
 Files copied          = 532
 Directories created   = 76
 Log File Appended     = X:\Software\Speed-test\stats\GEOMATT\server2local_diff-little_files.log
 Exit code             = 0 (No error, Successful operation)

﻿
===============================================================================
XXCOPY ver 2.97.5   2008-10-22 11:25:26   Windows Ver 5.2.3790 Service Pack 2
 Command Line  = xxcopy /yy /of0 /clone /ff /pb X:\Software\Speed-test\source\little_files d:\speed-test\little_files /oaX:\Software\Speed-test\stats\GEOMATT\server2local_diff-little_files.log
-------------------------------------------------------------------------------
Switch Parameters
 /A0 /BI /C /CA7 /CB0 /CCY /CK /CR3 /CD0 /D0 /DL0 /E /EC0 /ED0 /ER0 /F0 /FM0
 /FF2S /FL /FR /FW /H /I /IN* /JV0 /KS /KCDP /KCFP /L0 /N0 /NC0 /NI0 /NP0 /NW
 /NX0
 /oAX:\Software\Speed-test\stats\GEOMATT\server2local_diff-little_files.log
 /oB2 /oC0 /oD0 /oE0 /oF0 /oI0 /oP0 /oQ0 /oS0 /oX0 /P0 /PB1M /PBH /PC0 /PD0
 /PN /Po0 /PP /PW0 /PZ0 /Q1 /QF0 /QB0 /QS0 /R /RS0 /S /SC0 /SHR /SP0 /SG0 /So1
 /SW0 /SX0 /SZ:- /T0 /TR00 /TS0 /TD0 /TTA0 /TCA0 /TCC0 /TCW /TM0 /U0 /UT0 /V1
 /VL0 /W0 /WD /WL /WN0 /WU0 /Y /YY /ZB1G /ZE /ZS0 /ZX /ZY
-------------------------------------------------------------------------------
 Source base directory = "X:\Software\Speed-test\source\little_files\"
 Destination directory = "D:\speed-test\little_files\"
 File name template    = "*"
 Directories processed = 1,491
 Total data in bytes   = 208,731,021
 Elapsed time in sec.  = 47.45
 Action speed (MB/min) = 263.9
 Files examined        = 24,344
 Files copied          = 532
 Directories created   = 76
 Log File Appended     = X:\Software\Speed-test\stats\GEOMATT\server2local_diff-little_files.log
 Exit code             = 0 (No error, Successful operation)

