
===============================================================================
XXCOPY ver 2.97.5   2008-10-22 09:13:24   Windows Ver 5.2.3790 Service Pack 2
 Command Line  = xxcopy /yy /of0 /clone /ff /pb X:\Software\Speed-test\source\big_files R:\speed-test\big_files /oaX:\Software\Speed-test\stats\GEOMATT\server2drobo_straight-big_files.log
-------------------------------------------------------------------------------
Switch Parameters
 /A0 /BI /C /CA7 /CB0 /CCY /CK /CR3 /CD0 /D0 /DL0 /E /EC0 /ED0 /ER0 /F0 /FM0
 /FF2S /FL /FR /FW /H /I /IN* /JV0 /KS /KCDP /KCFP /L0 /N0 /NC0 /NI0 /NP0 /NW
 /NX0
 /oAX:\Software\Speed-test\stats\GEOMATT\server2drobo_straight-big_files.log
 /oB2 /oC0 /oD0 /oE0 /oF0 /oI0 /oP0 /oQ0 /oS0 /oX0 /P0 /PB1M /PBH /PC0 /PD0
 /PN /Po0 /PP /PW0 /PZ0 /Q1 /QF0 /QB0 /QS0 /R /RS0 /S /SC0 /SHR /SP0 /SG0 /So1
 /SW0 /SX0 /SZ:- /T0 /TR00 /TS0 /TD0 /TTA0 /TCA0 /TCC0 /TCW /TM0 /U0 /UT0 /V1
 /VL0 /W0 /WD /WL /WN0 /WU0 /Y /YY /ZB1G /ZE /ZS0 /ZX /ZY
-------------------------------------------------------------------------------
 Source base directory = "X:\Software\Speed-test\source\big_files\"
 Destination directory = "R:\speed-test\big_files\"
 File name template    = "*"
 Directories processed = 1
 Total data in bytes   = 527,331,269
 Elapsed time in sec.  = 52.89
 Action speed (MB/min) = 598.2
 Files copied          = 1
 Log File Appended     = X:\Software\Speed-test\stats\GEOMATT\server2drobo_straight-big_files.log
 Exit code             = 0 (No error, Successful operation)

﻿
===============================================================================
XXCOPY ver 2.97.5   2008-10-22 09:19:02   Windows Ver 5.2.3790 Service Pack 2
 Command Line  = xxcopy /yy /of0 /clone /ff /pb X:\Software\Speed-test\source\big_files R:\speed-test\big_files /oaX:\Software\Speed-test\stats\GEOMATT\server2drobo_straight-big_files.log
-------------------------------------------------------------------------------
Switch Parameters
 /A0 /BI /C /CA7 /CB0 /CCY /CK /CR3 /CD0 /D0 /DL0 /E /EC0 /ED0 /ER0 /F0 /FM0
 /FF2S /FL /FR /FW /H /I /IN* /JV0 /KS /KCDP /KCFP /L0 /N0 /NC0 /NI0 /NP0 /NW
 /NX0
 /oAX:\Software\Speed-test\stats\GEOMATT\server2drobo_straight-big_files.log
 /oB2 /oC0 /oD0 /oE0 /oF0 /oI0 /oP0 /oQ0 /oS0 /oX0 /P0 /PB1M /PBH /PC0 /PD0
 /PN /Po0 /PP /PW0 /PZ0 /Q1 /QF0 /QB0 /QS0 /R /RS0 /S /SC0 /SHR /SP0 /SG0 /So1
 /SW0 /SX0 /SZ:- /T0 /TR00 /TS0 /TD0 /TTA0 /TCA0 /TCC0 /TCW /TM0 /U0 /UT0 /V1
 /VL0 /W0 /WD /WL /WN0 /WU0 /Y /YY /ZB1G /ZE /ZS0 /ZX /ZY
-------------------------------------------------------------------------------
 Source base directory = "X:\Software\Speed-test\source\big_files\"
 Destination directory = "R:\speed-test\big_files\"
 File name template    = "*"
 Directories processed = 1
 Total data in bytes   = 527,331,269
 Elapsed time in sec.  = 54.84
 Action speed (MB/min) = 576.9
 Files copied          = 1
 Log File Appended     = X:\Software\Speed-test\stats\GEOMATT\server2drobo_straight-big_files.log
 Exit code             = 0 (No error, Successful operation)

﻿
===============================================================================
XXCOPY ver 2.97.5   2008-10-22 09:24:27   Windows Ver 5.2.3790 Service Pack 2
 Command Line  = xxcopy /yy /of0 /clone /ff /pb X:\Software\Speed-test\source\big_files R:\speed-test\big_files /oaX:\Software\Speed-test\stats\GEOMATT\server2drobo_straight-big_files.log
-------------------------------------------------------------------------------
Switch Parameters
 /A0 /BI /C /CA7 /CB0 /CCY /CK /CR3 /CD0 /D0 /DL0 /E /EC0 /ED0 /ER0 /F0 /FM0
 /FF2S /FL /FR /FW /H /I /IN* /JV0 /KS /KCDP /KCFP /L0 /N0 /NC0 /NI0 /NP0 /NW
 /NX0
 /oAX:\Software\Speed-test\stats\GEOMATT\server2drobo_straight-big_files.log
 /oB2 /oC0 /oD0 /oE0 /oF0 /oI0 /oP0 /oQ0 /oS0 /oX0 /P0 /PB1M /PBH /PC0 /PD0
 /PN /Po0 /PP /PW0 /PZ0 /Q1 /QF0 /QB0 /QS0 /R /RS0 /S /SC0 /SHR /SP0 /SG0 /So1
 /SW0 /SX0 /SZ:- /T0 /TR00 /TS0 /TD0 /TTA0 /TCA0 /TCC0 /TCW /TM0 /U0 /UT0 /V1
 /VL0 /W0 /WD /WL /WN0 /WU0 /Y /YY /ZB1G /ZE /ZS0 /ZX /ZY
-------------------------------------------------------------------------------
 Source base directory = "X:\Software\Speed-test\source\big_files\"
 Destination directory = "R:\speed-test\big_files\"
 File name template    = "*"
 Directories processed = 1
 Total data in bytes   = 527,331,269
 Elapsed time in sec.  = 52.58
 Action speed (MB/min) = 601.8
 Files copied          = 1
 Log File Appended     = X:\Software\Speed-test\stats\GEOMATT\server2drobo_straight-big_files.log
 Exit code             = 0 (No error, Successful operation)

﻿
===============================================================================
XXCOPY ver 2.97.5   2008-10-22 09:29:57   Windows Ver 5.2.3790 Service Pack 2
 Command Line  = xxcopy /yy /of0 /clone /ff /pb X:\Software\Speed-test\source\big_files R:\speed-test\big_files /oaX:\Software\Speed-test\stats\GEOMATT\server2drobo_straight-big_files.log
-------------------------------------------------------------------------------
Switch Parameters
 /A0 /BI /C /CA7 /CB0 /CCY /CK /CR3 /CD0 /D0 /DL0 /E /EC0 /ED0 /ER0 /F0 /FM0
 /FF2S /FL /FR /FW /H /I /IN* /JV0 /KS /KCDP /KCFP /L0 /N0 /NC0 /NI0 /NP0 /NW
 /NX0
 /oAX:\Software\Speed-test\stats\GEOMATT\server2drobo_straight-big_files.log
 /oB2 /oC0 /oD0 /oE0 /oF0 /oI0 /oP0 /oQ0 /oS0 /oX0 /P0 /PB1M /PBH /PC0 /PD0
 /PN /Po0 /PP /PW0 /PZ0 /Q1 /QF0 /QB0 /QS0 /R /RS0 /S /SC0 /SHR /SP0 /SG0 /So1
 /SW0 /SX0 /SZ:- /T0 /TR00 /TS0 /TD0 /TTA0 /TCA0 /TCC0 /TCW /TM0 /U0 /UT0 /V1
 /VL0 /W0 /WD /WL /WN0 /WU0 /Y /YY /ZB1G /ZE /ZS0 /ZX /ZY
-------------------------------------------------------------------------------
 Source base directory = "X:\Software\Speed-test\source\big_files\"
 Destination directory = "R:\speed-test\big_files\"
 File name template    = "*"
 Directories processed = 1
 Total data in bytes   = 527,331,269
 Elapsed time in sec.  = 55.47
 Action speed (MB/min) = 570.4
 Files copied          = 1
 Log File Appended     = X:\Software\Speed-test\stats\GEOMATT\server2drobo_straight-big_files.log
 Exit code             = 0 (No error, Successful operation)

﻿
===============================================================================
XXCOPY ver 2.97.5   2008-10-22 09:35:14   Windows Ver 5.2.3790 Service Pack 2
 Command Line  = xxcopy /yy /of0 /clone /ff /pb X:\Software\Speed-test\source\big_files R:\speed-test\big_files /oaX:\Software\Speed-test\stats\GEOMATT\server2drobo_straight-big_files.log
-------------------------------------------------------------------------------
Switch Parameters
 /A0 /BI /C /CA7 /CB0 /CCY /CK /CR3 /CD0 /D0 /DL0 /E /EC0 /ED0 /ER0 /F0 /FM0
 /FF2S /FL /FR /FW /H /I /IN* /JV0 /KS /KCDP /KCFP /L0 /N0 /NC0 /NI0 /NP0 /NW
 /NX0
 /oAX:\Software\Speed-test\stats\GEOMATT\server2drobo_straight-big_files.log
 /oB2 /oC0 /oD0 /oE0 /oF0 /oI0 /oP0 /oQ0 /oS0 /oX0 /P0 /PB1M /PBH /PC0 /PD0
 /PN /Po0 /PP /PW0 /PZ0 /Q1 /QF0 /QB0 /QS0 /R /RS0 /S /SC0 /SHR /SP0 /SG0 /So1
 /SW0 /SX0 /SZ:- /T0 /TR00 /TS0 /TD0 /TTA0 /TCA0 /TCC0 /TCW /TM0 /U0 /UT0 /V1
 /VL0 /W0 /WD /WL /WN0 /WU0 /Y /YY /ZB1G /ZE /ZS0 /ZX /ZY
-------------------------------------------------------------------------------
 Source base directory = "X:\Software\Speed-test\source\big_files\"
 Destination directory = "R:\speed-test\big_files\"
 File name template    = "*"
 Directories processed = 1
 Total data in bytes   = 527,331,269
 Elapsed time in sec.  = 53.66
 Action speed (MB/min) = 589.7
 Files copied          = 1
 Log File Appended     = X:\Software\Speed-test\stats\GEOMATT\server2drobo_straight-big_files.log
 Exit code             = 0 (No error, Successful operation)

﻿
===============================================================================
XXCOPY ver 2.97.5   2008-10-22 09:40:34   Windows Ver 5.2.3790 Service Pack 2
 Command Line  = xxcopy /yy /of0 /clone /ff /pb X:\Software\Speed-test\source\big_files R:\speed-test\big_files /oaX:\Software\Speed-test\stats\GEOMATT\server2drobo_straight-big_files.log
-------------------------------------------------------------------------------
Switch Parameters
 /A0 /BI /C /CA7 /CB0 /CCY /CK /CR3 /CD0 /D0 /DL0 /E /EC0 /ED0 /ER0 /F0 /FM0
 /FF2S /FL /FR /FW /H /I /IN* /JV0 /KS /KCDP /KCFP /L0 /N0 /NC0 /NI0 /NP0 /NW
 /NX0
 /oAX:\Software\Speed-test\stats\GEOMATT\server2drobo_straight-big_files.log
 /oB2 /oC0 /oD0 /oE0 /oF0 /oI0 /oP0 /oQ0 /oS0 /oX0 /P0 /PB1M /PBH /PC0 /PD0
 /PN /Po0 /PP /PW0 /PZ0 /Q1 /QF0 /QB0 /QS0 /R /RS0 /S /SC0 /SHR /SP0 /SG0 /So1
 /SW0 /SX0 /SZ:- /T0 /TR00 /TS0 /TD0 /TTA0 /TCA0 /TCC0 /TCW /TM0 /U0 /UT0 /V1
 /VL0 /W0 /WD /WL /WN0 /WU0 /Y /YY /ZB1G /ZE /ZS0 /ZX /ZY
-------------------------------------------------------------------------------
 Source base directory = "X:\Software\Speed-test\source\big_files\"
 Destination directory = "R:\speed-test\big_files\"
 File name template    = "*"
 Directories processed = 1
 Total data in bytes   = 527,331,269
 Elapsed time in sec.  = 54.81
 Action speed (MB/min) = 577.2
 Files copied          = 1
 Log File Appended     = X:\Software\Speed-test\stats\GEOMATT\server2drobo_straight-big_files.log
 Exit code             = 0 (No error, Successful operation)

﻿
===============================================================================
XXCOPY ver 2.97.5   2008-10-22 09:45:52   Windows Ver 5.2.3790 Service Pack 2
 Command Line  = xxcopy /yy /of0 /clone /ff /pb X:\Software\Speed-test\source\big_files R:\speed-test\big_files /oaX:\Software\Speed-test\stats\GEOMATT\server2drobo_straight-big_files.log
-------------------------------------------------------------------------------
Switch Parameters
 /A0 /BI /C /CA7 /CB0 /CCY /CK /CR3 /CD0 /D0 /DL0 /E /EC0 /ED0 /ER0 /F0 /FM0
 /FF2S /FL /FR /FW /H /I /IN* /JV0 /KS /KCDP /KCFP /L0 /N0 /NC0 /NI0 /NP0 /NW
 /NX0
 /oAX:\Software\Speed-test\stats\GEOMATT\server2drobo_straight-big_files.log
 /oB2 /oC0 /oD0 /oE0 /oF0 /oI0 /oP0 /oQ0 /oS0 /oX0 /P0 /PB1M /PBH /PC0 /PD0
 /PN /Po0 /PP /PW0 /PZ0 /Q1 /QF0 /QB0 /QS0 /R /RS0 /S /SC0 /SHR /SP0 /SG0 /So1
 /SW0 /SX0 /SZ:- /T0 /TR00 /TS0 /TD0 /TTA0 /TCA0 /TCC0 /TCW /TM0 /U0 /UT0 /V1
 /VL0 /W0 /WD /WL /WN0 /WU0 /Y /YY /ZB1G /ZE /ZS0 /ZX /ZY
-------------------------------------------------------------------------------
 Source base directory = "X:\Software\Speed-test\source\big_files\"
 Destination directory = "R:\speed-test\big_files\"
 File name template    = "*"
 Directories processed = 1
 Total data in bytes   = 527,331,269
 Elapsed time in sec.  = 54.11
 Action speed (MB/min) = 584.7
 Files copied          = 1
 Log File Appended     = X:\Software\Speed-test\stats\GEOMATT\server2drobo_straight-big_files.log
 Exit code             = 0 (No error, Successful operation)

﻿
===============================================================================
XXCOPY ver 2.97.5   2008-10-22 09:51:10   Windows Ver 5.2.3790 Service Pack 2
 Command Line  = xxcopy /yy /of0 /clone /ff /pb X:\Software\Speed-test\source\big_files R:\speed-test\big_files /oaX:\Software\Speed-test\stats\GEOMATT\server2drobo_straight-big_files.log
-------------------------------------------------------------------------------
Switch Parameters
 /A0 /BI /C /CA7 /CB0 /CCY /CK /CR3 /CD0 /D0 /DL0 /E /EC0 /ED0 /ER0 /F0 /FM0
 /FF2S /FL /FR /FW /H /I /IN* /JV0 /KS /KCDP /KCFP /L0 /N0 /NC0 /NI0 /NP0 /NW
 /NX0
 /oAX:\Software\Speed-test\stats\GEOMATT\server2drobo_straight-big_files.log
 /oB2 /oC0 /oD0 /oE0 /oF0 /oI0 /oP0 /oQ0 /oS0 /oX0 /P0 /PB1M /PBH /PC0 /PD0
 /PN /Po0 /PP /PW0 /PZ0 /Q1 /QF0 /QB0 /QS0 /R /RS0 /S /SC0 /SHR /SP0 /SG0 /So1
 /SW0 /SX0 /SZ:- /T0 /TR00 /TS0 /TD0 /TTA0 /TCA0 /TCC0 /TCW /TM0 /U0 /UT0 /V1
 /VL0 /W0 /WD /WL /WN0 /WU0 /Y /YY /ZB1G /ZE /ZS0 /ZX /ZY
-------------------------------------------------------------------------------
 Source base directory = "X:\Software\Speed-test\source\big_files\"
 Destination directory = "R:\speed-test\big_files\"
 File name template    = "*"
 Directories processed = 1
 Total data in bytes   = 527,331,269
 Elapsed time in sec.  = 52.88
 Action speed (MB/min) = 598.4
 Files copied          = 1
 Log File Appended     = X:\Software\Speed-test\stats\GEOMATT\server2drobo_straight-big_files.log
 Exit code             = 0 (No error, Successful operation)

﻿
===============================================================================
XXCOPY ver 2.97.5   2008-10-22 09:56:32   Windows Ver 5.2.3790 Service Pack 2
 Command Line  = xxcopy /yy /of0 /clone /ff /pb X:\Software\Speed-test\source\big_files R:\speed-test\big_files /oaX:\Software\Speed-test\stats\GEOMATT\server2drobo_straight-big_files.log
-------------------------------------------------------------------------------
Switch Parameters
 /A0 /BI /C /CA7 /CB0 /CCY /CK /CR3 /CD0 /D0 /DL0 /E /EC0 /ED0 /ER0 /F0 /FM0
 /FF2S /FL /FR /FW /H /I /IN* /JV0 /KS /KCDP /KCFP /L0 /N0 /NC0 /NI0 /NP0 /NW
 /NX0
 /oAX:\Software\Speed-test\stats\GEOMATT\server2drobo_straight-big_files.log
 /oB2 /oC0 /oD0 /oE0 /oF0 /oI0 /oP0 /oQ0 /oS0 /oX0 /P0 /PB1M /PBH /PC0 /PD0
 /PN /Po0 /PP /PW0 /PZ0 /Q1 /QF0 /QB0 /QS0 /R /RS0 /S /SC0 /SHR /SP0 /SG0 /So1
 /SW0 /SX0 /SZ:- /T0 /TR00 /TS0 /TD0 /TTA0 /TCA0 /TCC0 /TCW /TM0 /U0 /UT0 /V1
 /VL0 /W0 /WD /WL /WN0 /WU0 /Y /YY /ZB1G /ZE /ZS0 /ZX /ZY
-------------------------------------------------------------------------------
 Source base directory = "X:\Software\Speed-test\source\big_files\"
 Destination directory = "R:\speed-test\big_files\"
 File name template    = "*"
 Directories processed = 1
 Total data in bytes   = 527,331,269
 Elapsed time in sec.  = 52.19
 Action speed (MB/min) = 606.3
 Files copied          = 1
 Log File Appended     = X:\Software\Speed-test\stats\GEOMATT\server2drobo_straight-big_files.log
 Exit code             = 0 (No error, Successful operation)

﻿
===============================================================================
XXCOPY ver 2.97.5   2008-10-22 10:02:01   Windows Ver 5.2.3790 Service Pack 2
 Command Line  = xxcopy /yy /of0 /clone /ff /pb X:\Software\Speed-test\source\big_files R:\speed-test\big_files /oaX:\Software\Speed-test\stats\GEOMATT\server2drobo_straight-big_files.log
-------------------------------------------------------------------------------
Switch Parameters
 /A0 /BI /C /CA7 /CB0 /CCY /CK /CR3 /CD0 /D0 /DL0 /E /EC0 /ED0 /ER0 /F0 /FM0
 /FF2S /FL /FR /FW /H /I /IN* /JV0 /KS /KCDP /KCFP /L0 /N0 /NC0 /NI0 /NP0 /NW
 /NX0
 /oAX:\Software\Speed-test\stats\GEOMATT\server2drobo_straight-big_files.log
 /oB2 /oC0 /oD0 /oE0 /oF0 /oI0 /oP0 /oQ0 /oS0 /oX0 /P0 /PB1M /PBH /PC0 /PD0
 /PN /Po0 /PP /PW0 /PZ0 /Q1 /QF0 /QB0 /QS0 /R /RS0 /S /SC0 /SHR /SP0 /SG0 /So1
 /SW0 /SX0 /SZ:- /T0 /TR00 /TS0 /TD0 /TTA0 /TCA0 /TCC0 /TCW /TM0 /U0 /UT0 /V1
 /VL0 /W0 /WD /WL /WN0 /WU0 /Y /YY /ZB1G /ZE /ZS0 /ZX /ZY
-------------------------------------------------------------------------------
 Source base directory = "X:\Software\Speed-test\source\big_files\"
 Destination directory = "R:\speed-test\big_files\"
 File name template    = "*"
 Directories processed = 1
 Total data in bytes   = 527,331,269
 Elapsed time in sec.  = 53.28
 Action speed (MB/min) = 593.8
 Files copied          = 1
 Log File Appended     = X:\Software\Speed-test\stats\GEOMATT\server2drobo_straight-big_files.log
 Exit code             = 0 (No error, Successful operation)

