
===============================================================================
XXCOPY ver 2.97.5   2008-10-14 13:13:28   Windows Ver 5.2.3790 Service Pack 2
 Command Line  = xxcopy /yy /of0 /clone /ff /pb K:\Software\Speed-test\source\big_files \\droboshare\drobo\speed-test\big_files /oaK:\Software\Speed-test\stats\GEOMATT\server2dshare_straight-big_files.log
-------------------------------------------------------------------------------
Switch Parameters
 /A0 /BI /C /CA7 /CB0 /CCY /CK /CR3 /CD0 /D0 /DL0 /E /EC0 /ED0 /ER0 /F0 /FM0
 /FF2S /FL /FR /FW /H /I /IN* /JV0 /KS /KCDP /KCFP /L0 /N0 /NC0 /NI0 /NP0 /NW
 /NX0
 /oAK:\Software\Speed-test\stats\GEOMATT\server2dshare_straight-big_files.log
 /oB2 /oC0 /oD0 /oE0 /oF0 /oI0 /oP0 /oQ0 /oS0 /oX0 /P0 /PB1M /PBH /PC0 /PD0
 /PN /Po0 /PP /PW0 /PZ0 /Q1 /QF0 /QB0 /QS0 /R /RS0 /S /SC0 /SHR /SP0 /SG0 /So1
 /SW0 /SX0 /SZ:- /T0 /TR00 /TS0 /TD0 /TTA0 /TCA0 /TCC0 /TCW /TM0 /U0 /UT0 /V1
 /VL0 /W0 /WD /WL /WN0 /WU0 /Y /YY /ZB1G /ZE /ZS0 /ZX /ZY
-------------------------------------------------------------------------------
 Source base directory = "K:\Software\Speed-test\source\big_files\"
 Destination directory = "\\droboshare\drobo\speed-test\big_files\"
 File name template    = "*"
 Directories processed = 1
 Total data in bytes   = 527,331,269
 Elapsed time in sec.  = 109.2 (1 min 49 sec)
 Action speed (MB/min) = 289.7
 Files copied          = 1
 Log File Appended     = K:\Software\Speed-test\stats\GEOMATT\server2dshare_straight-big_files.log
 Exit code             = 0 (No error, Successful operation)

﻿
===============================================================================
XXCOPY ver 2.97.5   2008-10-14 14:03:15   Windows Ver 5.2.3790 Service Pack 2
 Command Line  = xxcopy /yy /of0 /clone /ff /pb K:\Software\Speed-test\source\big_files \\droboshare\drobo\speed-test\big_files /oaK:\Software\Speed-test\stats\GEOMATT\server2dshare_straight-big_files.log
-------------------------------------------------------------------------------
Switch Parameters
 /A0 /BI /C /CA7 /CB0 /CCY /CK /CR3 /CD0 /D0 /DL0 /E /EC0 /ED0 /ER0 /F0 /FM0
 /FF2S /FL /FR /FW /H /I /IN* /JV0 /KS /KCDP /KCFP /L0 /N0 /NC0 /NI0 /NP0 /NW
 /NX0
 /oAK:\Software\Speed-test\stats\GEOMATT\server2dshare_straight-big_files.log
 /oB2 /oC0 /oD0 /oE0 /oF0 /oI0 /oP0 /oQ0 /oS0 /oX0 /P0 /PB1M /PBH /PC0 /PD0
 /PN /Po0 /PP /PW0 /PZ0 /Q1 /QF0 /QB0 /QS0 /R /RS0 /S /SC0 /SHR /SP0 /SG0 /So1
 /SW0 /SX0 /SZ:- /T0 /TR00 /TS0 /TD0 /TTA0 /TCA0 /TCC0 /TCW /TM0 /U0 /UT0 /V1
 /VL0 /W0 /WD /WL /WN0 /WU0 /Y /YY /ZB1G /ZE /ZS0 /ZX /ZY
-------------------------------------------------------------------------------
 Source base directory = "K:\Software\Speed-test\source\big_files\"
 Destination directory = "\\droboshare\drobo\speed-test\big_files\"
 File name template    = "*"
 Directories processed = 1
 Total data in bytes   = 527,331,269
 Elapsed time in sec.  = 124.6 (2 min 4 sec)
 Action speed (MB/min) = 253.9
 Files copied          = 1
 Log File Appended     = K:\Software\Speed-test\stats\GEOMATT\server2dshare_straight-big_files.log
 Exit code             = 0 (No error, Successful operation)

﻿
===============================================================================
XXCOPY ver 2.97.5   2008-10-15 13:00:01   Windows Ver 5.2.3790 Service Pack 2
 Command Line  = xxcopy /yy /of0 /clone /ff /pb K:\Software\Speed-test\source\big_files \\droboshare\drobo\speed-test\big_files /oaK:\Software\Speed-test\stats\GEOMATT\server2dshare_straight-big_files.log
-------------------------------------------------------------------------------
Switch Parameters
 /A0 /BI /C /CA7 /CB0 /CCY /CK /CR3 /CD0 /D0 /DL0 /E /EC0 /ED0 /ER0 /F0 /FM0
 /FF2S /FL /FR /FW /H /I /IN* /JV0 /KS /KCDP /KCFP /L0 /N0 /NC0 /NI0 /NP0 /NW
 /NX0
 /oAK:\Software\Speed-test\stats\GEOMATT\server2dshare_straight-big_files.log
 /oB2 /oC0 /oD0 /oE0 /oF0 /oI0 /oP0 /oQ0 /oS0 /oX0 /P0 /PB1M /PBH /PC0 /PD0
 /PN /Po0 /PP /PW0 /PZ0 /Q1 /QF0 /QB0 /QS0 /R /RS0 /S /SC0 /SHR /SP0 /SG0 /So1
 /SW0 /SX0 /SZ:- /T0 /TR00 /TS0 /TD0 /TTA0 /TCA0 /TCC0 /TCW /TM0 /U0 /UT0 /V1
 /VL0 /W0 /WD /WL /WN0 /WU0 /Y /YY /ZB1G /ZE /ZS0 /ZX /ZY
-------------------------------------------------------------------------------
 Source base directory = "K:\Software\Speed-test\source\big_files\"
 Destination directory = "\\droboshare\drobo\speed-test\big_files\"
 File name template    = "*"
 Directories processed = 1
 Total data in bytes   = 527,331,269
 Elapsed time in sec.  =   110 (1 min 49 sec)
 Action speed (MB/min) = 287.8
 Files copied          = 1
 Log File Appended     = K:\Software\Speed-test\stats\GEOMATT\server2dshare_straight-big_files.log
 Exit code             = 0 (No error, Successful operation)

﻿
===============================================================================
XXCOPY ver 2.97.5   2008-10-15 13:59:49   Windows Ver 5.2.3790 Service Pack 2
 Command Line  = xxcopy /yy /of0 /clone /ff /pb K:\Software\Speed-test\source\big_files \\droboshare\drobo\speed-test\big_files /oaK:\Software\Speed-test\stats\GEOMATT\server2dshare_straight-big_files.log
-------------------------------------------------------------------------------
Switch Parameters
 /A0 /BI /C /CA7 /CB0 /CCY /CK /CR3 /CD0 /D0 /DL0 /E /EC0 /ED0 /ER0 /F0 /FM0
 /FF2S /FL /FR /FW /H /I /IN* /JV0 /KS /KCDP /KCFP /L0 /N0 /NC0 /NI0 /NP0 /NW
 /NX0
 /oAK:\Software\Speed-test\stats\GEOMATT\server2dshare_straight-big_files.log
 /oB2 /oC0 /oD0 /oE0 /oF0 /oI0 /oP0 /oQ0 /oS0 /oX0 /P0 /PB1M /PBH /PC0 /PD0
 /PN /Po0 /PP /PW0 /PZ0 /Q1 /QF0 /QB0 /QS0 /R /RS0 /S /SC0 /SHR /SP0 /SG0 /So1
 /SW0 /SX0 /SZ:- /T0 /TR00 /TS0 /TD0 /TTA0 /TCA0 /TCC0 /TCW /TM0 /U0 /UT0 /V1
 /VL0 /W0 /WD /WL /WN0 /WU0 /Y /YY /ZB1G /ZE /ZS0 /ZX /ZY
-------------------------------------------------------------------------------
 Source base directory = "K:\Software\Speed-test\source\big_files\"
 Destination directory = "\\droboshare\drobo\speed-test\big_files\"
 File name template    = "*"
 Directories processed = 1
 Total data in bytes   = 527,331,269
 Elapsed time in sec.  =   109 (1 min 49 sec)
 Action speed (MB/min) = 290.2
 Files copied          = 1
 Log File Appended     = K:\Software\Speed-test\stats\GEOMATT\server2dshare_straight-big_files.log
 Exit code             = 0 (No error, Successful operation)

﻿
===============================================================================
XXCOPY ver 2.97.5   2008-10-15 15:01:33   Windows Ver 5.2.3790 Service Pack 2
 Command Line  = xxcopy /yy /of0 /clone /ff /pb K:\Software\Speed-test\source\big_files \\droboshare\drobo\speed-test\big_files /oaK:\Software\Speed-test\stats\GEOMATT\server2dshare_straight-big_files.log
-------------------------------------------------------------------------------
Switch Parameters
 /A0 /BI /C /CA7 /CB0 /CCY /CK /CR3 /CD0 /D0 /DL0 /E /EC0 /ED0 /ER0 /F0 /FM0
 /FF2S /FL /FR /FW /H /I /IN* /JV0 /KS /KCDP /KCFP /L0 /N0 /NC0 /NI0 /NP0 /NW
 /NX0
 /oAK:\Software\Speed-test\stats\GEOMATT\server2dshare_straight-big_files.log
 /oB2 /oC0 /oD0 /oE0 /oF0 /oI0 /oP0 /oQ0 /oS0 /oX0 /P0 /PB1M /PBH /PC0 /PD0
 /PN /Po0 /PP /PW0 /PZ0 /Q1 /QF0 /QB0 /QS0 /R /RS0 /S /SC0 /SHR /SP0 /SG0 /So1
 /SW0 /SX0 /SZ:- /T0 /TR00 /TS0 /TD0 /TTA0 /TCA0 /TCC0 /TCW /TM0 /U0 /UT0 /V1
 /VL0 /W0 /WD /WL /WN0 /WU0 /Y /YY /ZB1G /ZE /ZS0 /ZX /ZY
-------------------------------------------------------------------------------
 Source base directory = "K:\Software\Speed-test\source\big_files\"
 Destination directory = "\\droboshare\drobo\speed-test\big_files\"
 File name template    = "*"
 Directories processed = 1
 Total data in bytes   = 527,331,269
 Elapsed time in sec.  = 111.6 (1 min 51 sec)
 Action speed (MB/min) = 283.4
 Files copied          = 1
 Log File Appended     = K:\Software\Speed-test\stats\GEOMATT\server2dshare_straight-big_files.log
 Exit code             = 0 (No error, Successful operation)

﻿
===============================================================================
XXCOPY ver 2.97.5   2008-10-15 16:02:53   Windows Ver 5.2.3790 Service Pack 2
 Command Line  = xxcopy /yy /of0 /clone /ff /pb K:\Software\Speed-test\source\big_files \\droboshare\drobo\speed-test\big_files /oaK:\Software\Speed-test\stats\GEOMATT\server2dshare_straight-big_files.log
-------------------------------------------------------------------------------
Switch Parameters
 /A0 /BI /C /CA7 /CB0 /CCY /CK /CR3 /CD0 /D0 /DL0 /E /EC0 /ED0 /ER0 /F0 /FM0
 /FF2S /FL /FR /FW /H /I /IN* /JV0 /KS /KCDP /KCFP /L0 /N0 /NC0 /NI0 /NP0 /NW
 /NX0
 /oAK:\Software\Speed-test\stats\GEOMATT\server2dshare_straight-big_files.log
 /oB2 /oC0 /oD0 /oE0 /oF0 /oI0 /oP0 /oQ0 /oS0 /oX0 /P0 /PB1M /PBH /PC0 /PD0
 /PN /Po0 /PP /PW0 /PZ0 /Q1 /QF0 /QB0 /QS0 /R /RS0 /S /SC0 /SHR /SP0 /SG0 /So1
 /SW0 /SX0 /SZ:- /T0 /TR00 /TS0 /TD0 /TTA0 /TCA0 /TCC0 /TCW /TM0 /U0 /UT0 /V1
 /VL0 /W0 /WD /WL /WN0 /WU0 /Y /YY /ZB1G /ZE /ZS0 /ZX /ZY
-------------------------------------------------------------------------------
 Source base directory = "K:\Software\Speed-test\source\big_files\"
 Destination directory = "\\droboshare\drobo\speed-test\big_files\"
 File name template    = "*"
 Directories processed = 1
 Total data in bytes   = 527,331,269
 Elapsed time in sec.  = 109.2 (1 min 49 sec)
 Action speed (MB/min) = 289.7
 Files copied          = 1
 Log File Appended     = K:\Software\Speed-test\stats\GEOMATT\server2dshare_straight-big_files.log
 Exit code             = 0 (No error, Successful operation)

﻿
===============================================================================
XXCOPY ver 2.97.5   2008-10-15 16:59:02   Windows Ver 5.2.3790 Service Pack 2
 Command Line  = xxcopy /yy /of0 /clone /ff /pb K:\Software\Speed-test\source\big_files \\droboshare\drobo\speed-test\big_files /oaK:\Software\Speed-test\stats\GEOMATT\server2dshare_straight-big_files.log
-------------------------------------------------------------------------------
Switch Parameters
 /A0 /BI /C /CA7 /CB0 /CCY /CK /CR3 /CD0 /D0 /DL0 /E /EC0 /ED0 /ER0 /F0 /FM0
 /FF2S /FL /FR /FW /H /I /IN* /JV0 /KS /KCDP /KCFP /L0 /N0 /NC0 /NI0 /NP0 /NW
 /NX0
 /oAK:\Software\Speed-test\stats\GEOMATT\server2dshare_straight-big_files.log
 /oB2 /oC0 /oD0 /oE0 /oF0 /oI0 /oP0 /oQ0 /oS0 /oX0 /P0 /PB1M /PBH /PC0 /PD0
 /PN /Po0 /PP /PW0 /PZ0 /Q1 /QF0 /QB0 /QS0 /R /RS0 /S /SC0 /SHR /SP0 /SG0 /So1
 /SW0 /SX0 /SZ:- /T0 /TR00 /TS0 /TD0 /TTA0 /TCA0 /TCC0 /TCW /TM0 /U0 /UT0 /V1
 /VL0 /W0 /WD /WL /WN0 /WU0 /Y /YY /ZB1G /ZE /ZS0 /ZX /ZY
-------------------------------------------------------------------------------
 Source base directory = "K:\Software\Speed-test\source\big_files\"
 Destination directory = "\\droboshare\drobo\speed-test\big_files\"
 File name template    = "*"
 Directories processed = 1
 Total data in bytes   = 527,331,269
 Elapsed time in sec.  = 109.8 (1 min 49 sec)
 Action speed (MB/min) = 288.3
 Files copied          = 1
 Log File Appended     = K:\Software\Speed-test\stats\GEOMATT\server2dshare_straight-big_files.log
 Exit code             = 0 (No error, Successful operation)

﻿
===============================================================================
XXCOPY ver 2.97.5   2008-10-15 17:54:36   Windows Ver 5.2.3790 Service Pack 2
 Command Line  = xxcopy /yy /of0 /clone /ff /pb K:\Software\Speed-test\source\big_files \\droboshare\drobo\speed-test\big_files /oaK:\Software\Speed-test\stats\GEOMATT\server2dshare_straight-big_files.log
-------------------------------------------------------------------------------
Switch Parameters
 /A0 /BI /C /CA7 /CB0 /CCY /CK /CR3 /CD0 /D0 /DL0 /E /EC0 /ED0 /ER0 /F0 /FM0
 /FF2S /FL /FR /FW /H /I /IN* /JV0 /KS /KCDP /KCFP /L0 /N0 /NC0 /NI0 /NP0 /NW
 /NX0
 /oAK:\Software\Speed-test\stats\GEOMATT\server2dshare_straight-big_files.log
 /oB2 /oC0 /oD0 /oE0 /oF0 /oI0 /oP0 /oQ0 /oS0 /oX0 /P0 /PB1M /PBH /PC0 /PD0
 /PN /Po0 /PP /PW0 /PZ0 /Q1 /QF0 /QB0 /QS0 /R /RS0 /S /SC0 /SHR /SP0 /SG0 /So1
 /SW0 /SX0 /SZ:- /T0 /TR00 /TS0 /TD0 /TTA0 /TCA0 /TCC0 /TCW /TM0 /U0 /UT0 /V1
 /VL0 /W0 /WD /WL /WN0 /WU0 /Y /YY /ZB1G /ZE /ZS0 /ZX /ZY
-------------------------------------------------------------------------------
 Source base directory = "K:\Software\Speed-test\source\big_files\"
 Destination directory = "\\droboshare\drobo\speed-test\big_files\"
 File name template    = "*"
 Directories processed = 1
 Total data in bytes   = 527,331,269
 Elapsed time in sec.  = 110.6 (1 min 50 sec)
 Action speed (MB/min) = 286.1
 Files copied          = 1
 Log File Appended     = K:\Software\Speed-test\stats\GEOMATT\server2dshare_straight-big_files.log
 Exit code             = 0 (No error, Successful operation)

﻿
===============================================================================
XXCOPY ver 2.97.5   2008-10-15 18:51:28   Windows Ver 5.2.3790 Service Pack 2
 Command Line  = xxcopy /yy /of0 /clone /ff /pb K:\Software\Speed-test\source\big_files \\droboshare\drobo\speed-test\big_files /oaK:\Software\Speed-test\stats\GEOMATT\server2dshare_straight-big_files.log
-------------------------------------------------------------------------------
Switch Parameters
 /A0 /BI /C /CA7 /CB0 /CCY /CK /CR3 /CD0 /D0 /DL0 /E /EC0 /ED0 /ER0 /F0 /FM0
 /FF2S /FL /FR /FW /H /I /IN* /JV0 /KS /KCDP /KCFP /L0 /N0 /NC0 /NI0 /NP0 /NW
 /NX0
 /oAK:\Software\Speed-test\stats\GEOMATT\server2dshare_straight-big_files.log
 /oB2 /oC0 /oD0 /oE0 /oF0 /oI0 /oP0 /oQ0 /oS0 /oX0 /P0 /PB1M /PBH /PC0 /PD0
 /PN /Po0 /PP /PW0 /PZ0 /Q1 /QF0 /QB0 /QS0 /R /RS0 /S /SC0 /SHR /SP0 /SG0 /So1
 /SW0 /SX0 /SZ:- /T0 /TR00 /TS0 /TD0 /TTA0 /TCA0 /TCC0 /TCW /TM0 /U0 /UT0 /V1
 /VL0 /W0 /WD /WL /WN0 /WU0 /Y /YY /ZB1G /ZE /ZS0 /ZX /ZY
-------------------------------------------------------------------------------
 Source base directory = "K:\Software\Speed-test\source\big_files\"
 Destination directory = "\\droboshare\drobo\speed-test\big_files\"
 File name template    = "*"
 Directories processed = 1
 Total data in bytes   = 527,331,269
 Elapsed time in sec.  = 109.8 (1 min 49 sec)
 Action speed (MB/min) = 288.2
 Files copied          = 1
 Log File Appended     = K:\Software\Speed-test\stats\GEOMATT\server2dshare_straight-big_files.log
 Exit code             = 0 (No error, Successful operation)

﻿
===============================================================================
XXCOPY ver 2.97.5   2008-10-15 19:48:43   Windows Ver 5.2.3790 Service Pack 2
 Command Line  = xxcopy /yy /of0 /clone /ff /pb K:\Software\Speed-test\source\big_files \\droboshare\drobo\speed-test\big_files /oaK:\Software\Speed-test\stats\GEOMATT\server2dshare_straight-big_files.log
-------------------------------------------------------------------------------
Switch Parameters
 /A0 /BI /C /CA7 /CB0 /CCY /CK /CR3 /CD0 /D0 /DL0 /E /EC0 /ED0 /ER0 /F0 /FM0
 /FF2S /FL /FR /FW /H /I /IN* /JV0 /KS /KCDP /KCFP /L0 /N0 /NC0 /NI0 /NP0 /NW
 /NX0
 /oAK:\Software\Speed-test\stats\GEOMATT\server2dshare_straight-big_files.log
 /oB2 /oC0 /oD0 /oE0 /oF0 /oI0 /oP0 /oQ0 /oS0 /oX0 /P0 /PB1M /PBH /PC0 /PD0
 /PN /Po0 /PP /PW0 /PZ0 /Q1 /QF0 /QB0 /QS0 /R /RS0 /S /SC0 /SHR /SP0 /SG0 /So1
 /SW0 /SX0 /SZ:- /T0 /TR00 /TS0 /TD0 /TTA0 /TCA0 /TCC0 /TCW /TM0 /U0 /UT0 /V1
 /VL0 /W0 /WD /WL /WN0 /WU0 /Y /YY /ZB1G /ZE /ZS0 /ZX /ZY
-------------------------------------------------------------------------------
 Source base directory = "K:\Software\Speed-test\source\big_files\"
 Destination directory = "\\droboshare\drobo\speed-test\big_files\"
 File name template    = "*"
 Directories processed = 1
 Total data in bytes   = 527,331,269
 Elapsed time in sec.  = 109.7 (1 min 49 sec)
 Action speed (MB/min) = 288.5
 Files copied          = 1
 Log File Appended     = K:\Software\Speed-test\stats\GEOMATT\server2dshare_straight-big_files.log
 Exit code             = 0 (No error, Successful operation)

﻿
===============================================================================
XXCOPY ver 2.97.5   2008-10-15 20:45:34   Windows Ver 5.2.3790 Service Pack 2
 Command Line  = xxcopy /yy /of0 /clone /ff /pb K:\Software\Speed-test\source\big_files \\droboshare\drobo\speed-test\big_files /oaK:\Software\Speed-test\stats\GEOMATT\server2dshare_straight-big_files.log
-------------------------------------------------------------------------------
Switch Parameters
 /A0 /BI /C /CA7 /CB0 /CCY /CK /CR3 /CD0 /D0 /DL0 /E /EC0 /ED0 /ER0 /F0 /FM0
 /FF2S /FL /FR /FW /H /I /IN* /JV0 /KS /KCDP /KCFP /L0 /N0 /NC0 /NI0 /NP0 /NW
 /NX0
 /oAK:\Software\Speed-test\stats\GEOMATT\server2dshare_straight-big_files.log
 /oB2 /oC0 /oD0 /oE0 /oF0 /oI0 /oP0 /oQ0 /oS0 /oX0 /P0 /PB1M /PBH /PC0 /PD0
 /PN /Po0 /PP /PW0 /PZ0 /Q1 /QF0 /QB0 /QS0 /R /RS0 /S /SC0 /SHR /SP0 /SG0 /So1
 /SW0 /SX0 /SZ:- /T0 /TR00 /TS0 /TD0 /TTA0 /TCA0 /TCC0 /TCW /TM0 /U0 /UT0 /V1
 /VL0 /W0 /WD /WL /WN0 /WU0 /Y /YY /ZB1G /ZE /ZS0 /ZX /ZY
-------------------------------------------------------------------------------
 Source base directory = "K:\Software\Speed-test\source\big_files\"
 Destination directory = "\\droboshare\drobo\speed-test\big_files\"
 File name template    = "*"
 Directories processed = 1
 Total data in bytes   = 527,331,269
 Elapsed time in sec.  =   109 (1 min 48 sec)
 Action speed (MB/min) = 290.4
 Files copied          = 1
 Log File Appended     = K:\Software\Speed-test\stats\GEOMATT\server2dshare_straight-big_files.log
 Exit code             = 0 (No error, Successful operation)

﻿
===============================================================================
XXCOPY ver 2.97.5   2008-10-15 21:39:26   Windows Ver 5.2.3790 Service Pack 2
 Command Line  = xxcopy /yy /of0 /clone /ff /pb K:\Software\Speed-test\source\big_files \\droboshare\drobo\speed-test\big_files /oaK:\Software\Speed-test\stats\GEOMATT\server2dshare_straight-big_files.log
-------------------------------------------------------------------------------
Switch Parameters
 /A0 /BI /C /CA7 /CB0 /CCY /CK /CR3 /CD0 /D0 /DL0 /E /EC0 /ED0 /ER0 /F0 /FM0
 /FF2S /FL /FR /FW /H /I /IN* /JV0 /KS /KCDP /KCFP /L0 /N0 /NC0 /NI0 /NP0 /NW
 /NX0
 /oAK:\Software\Speed-test\stats\GEOMATT\server2dshare_straight-big_files.log
 /oB2 /oC0 /oD0 /oE0 /oF0 /oI0 /oP0 /oQ0 /oS0 /oX0 /P0 /PB1M /PBH /PC0 /PD0
 /PN /Po0 /PP /PW0 /PZ0 /Q1 /QF0 /QB0 /QS0 /R /RS0 /S /SC0 /SHR /SP0 /SG0 /So1
 /SW0 /SX0 /SZ:- /T0 /TR00 /TS0 /TD0 /TTA0 /TCA0 /TCC0 /TCW /TM0 /U0 /UT0 /V1
 /VL0 /W0 /WD /WL /WN0 /WU0 /Y /YY /ZB1G /ZE /ZS0 /ZX /ZY
-------------------------------------------------------------------------------
 Source base directory = "K:\Software\Speed-test\source\big_files\"
 Destination directory = "\\droboshare\drobo\speed-test\big_files\"
 File name template    = "*"
 Directories processed = 1
 Total data in bytes   = 527,331,269
 Elapsed time in sec.  = 108.9 (1 min 48 sec)
 Action speed (MB/min) = 290.7
 Files copied          = 1
 Log File Appended     = K:\Software\Speed-test\stats\GEOMATT\server2dshare_straight-big_files.log
 Exit code             = 0 (No error, Successful operation)

