
===============================================================================
XXCOPY ver 2.97.5   2008-10-14 14:23:41   Windows Ver 5.2.3790 Service Pack 2
 Command Line  = xxcopy /yy /of0 /clone /ff /pb K:\Software\Speed-test\source\little_files f:\speed-test\little_files /oaK:\Software\Speed-test\stats\GEOMATT\server2loc-usb_straight-little_files.log
-------------------------------------------------------------------------------
Switch Parameters
 /A0 /BI /C /CA7 /CB0 /CCY /CK /CR3 /CD0 /D0 /DL0 /E /EC0 /ED0 /ER0 /F0 /FM0
 /FF2S /FL /FR /FW /H /I /IN* /JV0 /KS /KCDP /KCFP /L0 /N0 /NC0 /NI0 /NP0 /NW
 /NX0
 /oAK:\Software\Speed-test\stats\GEOMATT\server2loc-usb_straight-little_files.log
 /oB2 /oC0 /oD0 /oE0 /oF0 /oI0 /oP0 /oQ0 /oS0 /oX0 /P0 /PB1M /PBH /PC0 /PD0
 /PN /Po0 /PP /PW0 /PZ0 /Q1 /QF0 /QB0 /QS0 /R /RS0 /S /SC0 /SHR /SP0 /SG0 /So1
 /SW0 /SX0 /SZ:- /T0 /TR00 /TS0 /TD0 /TTA0 /TCA0 /TCC0 /TCW /TM0 /U0 /UT0 /V1
 /VL0 /W0 /WD /WL /WN0 /WU0 /Y /YY /ZB1G /ZE /ZS0 /ZX /ZY
-------------------------------------------------------------------------------
 Source base directory = "K:\Software\Speed-test\source\little_files\"
 Destination directory = "F:\speed-test\little_files\"
 File name template    = "*"
 Directories processed = 1,271
 Total data in bytes   = 307,290,194
 Elapsed time in sec.  = 118.6 (1 min 58 sec)
 Action speed (MB/min) = 155.5
 Files copied          = 22,274
 Directories created   = 1,270
 Log File Appended     = K:\Software\Speed-test\stats\GEOMATT\server2loc-usb_straight-little_files.log
 Exit code             = 0 (No error, Successful operation)

﻿
===============================================================================
XXCOPY ver 2.97.5   2008-10-14 14:27:41   Windows Ver 5.2.3790 Service Pack 2
 Command Line  = xxcopy /yy /of0 /clone /ff /pb K:\Software\Speed-test\source\little_files f:\speed-test\little_files /oaK:\Software\Speed-test\stats\GEOMATT\server2loc-usb_straight-little_files.log
-------------------------------------------------------------------------------
Switch Parameters
 /A0 /BI /C /CA7 /CB0 /CCY /CK /CR3 /CD0 /D0 /DL0 /E /EC0 /ED0 /ER0 /F0 /FM0
 /FF2S /FL /FR /FW /H /I /IN* /JV0 /KS /KCDP /KCFP /L0 /N0 /NC0 /NI0 /NP0 /NW
 /NX0
 /oAK:\Software\Speed-test\stats\GEOMATT\server2loc-usb_straight-little_files.log
 /oB2 /oC0 /oD0 /oE0 /oF0 /oI0 /oP0 /oQ0 /oS0 /oX0 /P0 /PB1M /PBH /PC0 /PD0
 /PN /Po0 /PP /PW0 /PZ0 /Q1 /QF0 /QB0 /QS0 /R /RS0 /S /SC0 /SHR /SP0 /SG0 /So1
 /SW0 /SX0 /SZ:- /T0 /TR00 /TS0 /TD0 /TTA0 /TCA0 /TCC0 /TCW /TM0 /U0 /UT0 /V1
 /VL0 /W0 /WD /WL /WN0 /WU0 /Y /YY /ZB1G /ZE /ZS0 /ZX /ZY
-------------------------------------------------------------------------------
 Source base directory = "K:\Software\Speed-test\source\little_files\"
 Destination directory = "F:\speed-test\little_files\"
 File name template    = "*"
 Directories processed = 1,271
 Total data in bytes   = 307,290,194
 Elapsed time in sec.  = 119.1 (1 min 59 sec)
 Action speed (MB/min) = 154.9
 Files copied          = 22,274
 Directories created   = 1,270
 Log File Appended     = K:\Software\Speed-test\stats\GEOMATT\server2loc-usb_straight-little_files.log
 Exit code             = 0 (No error, Successful operation)

﻿
===============================================================================
XXCOPY ver 2.97.5   2008-10-14 14:31:42   Windows Ver 5.2.3790 Service Pack 2
 Command Line  = xxcopy /yy /of0 /clone /ff /pb K:\Software\Speed-test\source\little_files f:\speed-test\little_files /oaK:\Software\Speed-test\stats\GEOMATT\server2loc-usb_straight-little_files.log
-------------------------------------------------------------------------------
Switch Parameters
 /A0 /BI /C /CA7 /CB0 /CCY /CK /CR3 /CD0 /D0 /DL0 /E /EC0 /ED0 /ER0 /F0 /FM0
 /FF2S /FL /FR /FW /H /I /IN* /JV0 /KS /KCDP /KCFP /L0 /N0 /NC0 /NI0 /NP0 /NW
 /NX0
 /oAK:\Software\Speed-test\stats\GEOMATT\server2loc-usb_straight-little_files.log
 /oB2 /oC0 /oD0 /oE0 /oF0 /oI0 /oP0 /oQ0 /oS0 /oX0 /P0 /PB1M /PBH /PC0 /PD0
 /PN /Po0 /PP /PW0 /PZ0 /Q1 /QF0 /QB0 /QS0 /R /RS0 /S /SC0 /SHR /SP0 /SG0 /So1
 /SW0 /SX0 /SZ:- /T0 /TR00 /TS0 /TD0 /TTA0 /TCA0 /TCC0 /TCW /TM0 /U0 /UT0 /V1
 /VL0 /W0 /WD /WL /WN0 /WU0 /Y /YY /ZB1G /ZE /ZS0 /ZX /ZY
-------------------------------------------------------------------------------
 Source base directory = "K:\Software\Speed-test\source\little_files\"
 Destination directory = "F:\speed-test\little_files\"
 File name template    = "*"
 Directories processed = 1,271
 Total data in bytes   = 307,290,194
 Elapsed time in sec.  = 122.3 (2 min 2 sec)
 Action speed (MB/min) = 150.7
 Files copied          = 22,274
 Directories created   = 1,270
 Log File Appended     = K:\Software\Speed-test\stats\GEOMATT\server2loc-usb_straight-little_files.log
 Exit code             = 0 (No error, Successful operation)

﻿
===============================================================================
XXCOPY ver 2.97.5   2008-10-14 14:35:47   Windows Ver 5.2.3790 Service Pack 2
 Command Line  = xxcopy /yy /of0 /clone /ff /pb K:\Software\Speed-test\source\little_files f:\speed-test\little_files /oaK:\Software\Speed-test\stats\GEOMATT\server2loc-usb_straight-little_files.log
-------------------------------------------------------------------------------
Switch Parameters
 /A0 /BI /C /CA7 /CB0 /CCY /CK /CR3 /CD0 /D0 /DL0 /E /EC0 /ED0 /ER0 /F0 /FM0
 /FF2S /FL /FR /FW /H /I /IN* /JV0 /KS /KCDP /KCFP /L0 /N0 /NC0 /NI0 /NP0 /NW
 /NX0
 /oAK:\Software\Speed-test\stats\GEOMATT\server2loc-usb_straight-little_files.log
 /oB2 /oC0 /oD0 /oE0 /oF0 /oI0 /oP0 /oQ0 /oS0 /oX0 /P0 /PB1M /PBH /PC0 /PD0
 /PN /Po0 /PP /PW0 /PZ0 /Q1 /QF0 /QB0 /QS0 /R /RS0 /S /SC0 /SHR /SP0 /SG0 /So1
 /SW0 /SX0 /SZ:- /T0 /TR00 /TS0 /TD0 /TTA0 /TCA0 /TCC0 /TCW /TM0 /U0 /UT0 /V1
 /VL0 /W0 /WD /WL /WN0 /WU0 /Y /YY /ZB1G /ZE /ZS0 /ZX /ZY
-------------------------------------------------------------------------------
 Source base directory = "K:\Software\Speed-test\source\little_files\"
 Destination directory = "F:\speed-test\little_files\"
 File name template    = "*"
 Directories processed = 1,271
 Total data in bytes   = 307,290,194
 Elapsed time in sec.  = 120.5 (2 min 0 sec)
 Action speed (MB/min) = 153
 Files copied          = 22,274
 Directories created   = 1,270
 Log File Appended     = K:\Software\Speed-test\stats\GEOMATT\server2loc-usb_straight-little_files.log
 Exit code             = 0 (No error, Successful operation)

﻿
===============================================================================
XXCOPY ver 2.97.5   2008-10-14 14:39:49   Windows Ver 5.2.3790 Service Pack 2
 Command Line  = xxcopy /yy /of0 /clone /ff /pb K:\Software\Speed-test\source\little_files f:\speed-test\little_files /oaK:\Software\Speed-test\stats\GEOMATT\server2loc-usb_straight-little_files.log
-------------------------------------------------------------------------------
Switch Parameters
 /A0 /BI /C /CA7 /CB0 /CCY /CK /CR3 /CD0 /D0 /DL0 /E /EC0 /ED0 /ER0 /F0 /FM0
 /FF2S /FL /FR /FW /H /I /IN* /JV0 /KS /KCDP /KCFP /L0 /N0 /NC0 /NI0 /NP0 /NW
 /NX0
 /oAK:\Software\Speed-test\stats\GEOMATT\server2loc-usb_straight-little_files.log
 /oB2 /oC0 /oD0 /oE0 /oF0 /oI0 /oP0 /oQ0 /oS0 /oX0 /P0 /PB1M /PBH /PC0 /PD0
 /PN /Po0 /PP /PW0 /PZ0 /Q1 /QF0 /QB0 /QS0 /R /RS0 /S /SC0 /SHR /SP0 /SG0 /So1
 /SW0 /SX0 /SZ:- /T0 /TR00 /TS0 /TD0 /TTA0 /TCA0 /TCC0 /TCW /TM0 /U0 /UT0 /V1
 /VL0 /W0 /WD /WL /WN0 /WU0 /Y /YY /ZB1G /ZE /ZS0 /ZX /ZY
-------------------------------------------------------------------------------
 Source base directory = "K:\Software\Speed-test\source\little_files\"
 Destination directory = "F:\speed-test\little_files\"
 File name template    = "*"
 Directories processed = 1,271
 Total data in bytes   = 307,290,194
 Elapsed time in sec.  = 121.9 (2 min 1 sec)
 Action speed (MB/min) = 151.3
 Files copied          = 22,274
 Directories created   = 1,270
 Log File Appended     = K:\Software\Speed-test\stats\GEOMATT\server2loc-usb_straight-little_files.log
 Exit code             = 0 (No error, Successful operation)

﻿
===============================================================================
XXCOPY ver 2.97.5   2008-10-14 14:43:53   Windows Ver 5.2.3790 Service Pack 2
 Command Line  = xxcopy /yy /of0 /clone /ff /pb K:\Software\Speed-test\source\little_files f:\speed-test\little_files /oaK:\Software\Speed-test\stats\GEOMATT\server2loc-usb_straight-little_files.log
-------------------------------------------------------------------------------
Switch Parameters
 /A0 /BI /C /CA7 /CB0 /CCY /CK /CR3 /CD0 /D0 /DL0 /E /EC0 /ED0 /ER0 /F0 /FM0
 /FF2S /FL /FR /FW /H /I /IN* /JV0 /KS /KCDP /KCFP /L0 /N0 /NC0 /NI0 /NP0 /NW
 /NX0
 /oAK:\Software\Speed-test\stats\GEOMATT\server2loc-usb_straight-little_files.log
 /oB2 /oC0 /oD0 /oE0 /oF0 /oI0 /oP0 /oQ0 /oS0 /oX0 /P0 /PB1M /PBH /PC0 /PD0
 /PN /Po0 /PP /PW0 /PZ0 /Q1 /QF0 /QB0 /QS0 /R /RS0 /S /SC0 /SHR /SP0 /SG0 /So1
 /SW0 /SX0 /SZ:- /T0 /TR00 /TS0 /TD0 /TTA0 /TCA0 /TCC0 /TCW /TM0 /U0 /UT0 /V1
 /VL0 /W0 /WD /WL /WN0 /WU0 /Y /YY /ZB1G /ZE /ZS0 /ZX /ZY
-------------------------------------------------------------------------------
 Source base directory = "K:\Software\Speed-test\source\little_files\"
 Destination directory = "F:\speed-test\little_files\"
 File name template    = "*"
 Directories processed = 1,271
 Total data in bytes   = 307,290,194
 Elapsed time in sec.  = 123.9 (2 min 3 sec)
 Action speed (MB/min) = 148.8
 Files copied          = 22,274
 Directories created   = 1,270
 Log File Appended     = K:\Software\Speed-test\stats\GEOMATT\server2loc-usb_straight-little_files.log
 Exit code             = 0 (No error, Successful operation)

﻿
===============================================================================
XXCOPY ver 2.97.5   2008-10-14 14:48:00   Windows Ver 5.2.3790 Service Pack 2
 Command Line  = xxcopy /yy /of0 /clone /ff /pb K:\Software\Speed-test\source\little_files f:\speed-test\little_files /oaK:\Software\Speed-test\stats\GEOMATT\server2loc-usb_straight-little_files.log
-------------------------------------------------------------------------------
Switch Parameters
 /A0 /BI /C /CA7 /CB0 /CCY /CK /CR3 /CD0 /D0 /DL0 /E /EC0 /ED0 /ER0 /F0 /FM0
 /FF2S /FL /FR /FW /H /I /IN* /JV0 /KS /KCDP /KCFP /L0 /N0 /NC0 /NI0 /NP0 /NW
 /NX0
 /oAK:\Software\Speed-test\stats\GEOMATT\server2loc-usb_straight-little_files.log
 /oB2 /oC0 /oD0 /oE0 /oF0 /oI0 /oP0 /oQ0 /oS0 /oX0 /P0 /PB1M /PBH /PC0 /PD0
 /PN /Po0 /PP /PW0 /PZ0 /Q1 /QF0 /QB0 /QS0 /R /RS0 /S /SC0 /SHR /SP0 /SG0 /So1
 /SW0 /SX0 /SZ:- /T0 /TR00 /TS0 /TD0 /TTA0 /TCA0 /TCC0 /TCW /TM0 /U0 /UT0 /V1
 /VL0 /W0 /WD /WL /WN0 /WU0 /Y /YY /ZB1G /ZE /ZS0 /ZX /ZY
-------------------------------------------------------------------------------
 Source base directory = "K:\Software\Speed-test\source\little_files\"
 Destination directory = "F:\speed-test\little_files\"
 File name template    = "*"
 Directories processed = 1,271
 Total data in bytes   = 307,290,194
 Elapsed time in sec.  = 117.8 (1 min 57 sec)
 Action speed (MB/min) = 156.6
 Files copied          = 22,274
 Directories created   = 1,270
 Log File Appended     = K:\Software\Speed-test\stats\GEOMATT\server2loc-usb_straight-little_files.log
 Exit code             = 0 (No error, Successful operation)

﻿
===============================================================================
XXCOPY ver 2.97.5   2008-10-14 14:51:57   Windows Ver 5.2.3790 Service Pack 2
 Command Line  = xxcopy /yy /of0 /clone /ff /pb K:\Software\Speed-test\source\little_files f:\speed-test\little_files /oaK:\Software\Speed-test\stats\GEOMATT\server2loc-usb_straight-little_files.log
-------------------------------------------------------------------------------
Switch Parameters
 /A0 /BI /C /CA7 /CB0 /CCY /CK /CR3 /CD0 /D0 /DL0 /E /EC0 /ED0 /ER0 /F0 /FM0
 /FF2S /FL /FR /FW /H /I /IN* /JV0 /KS /KCDP /KCFP /L0 /N0 /NC0 /NI0 /NP0 /NW
 /NX0
 /oAK:\Software\Speed-test\stats\GEOMATT\server2loc-usb_straight-little_files.log
 /oB2 /oC0 /oD0 /oE0 /oF0 /oI0 /oP0 /oQ0 /oS0 /oX0 /P0 /PB1M /PBH /PC0 /PD0
 /PN /Po0 /PP /PW0 /PZ0 /Q1 /QF0 /QB0 /QS0 /R /RS0 /S /SC0 /SHR /SP0 /SG0 /So1
 /SW0 /SX0 /SZ:- /T0 /TR00 /TS0 /TD0 /TTA0 /TCA0 /TCC0 /TCW /TM0 /U0 /UT0 /V1
 /VL0 /W0 /WD /WL /WN0 /WU0 /Y /YY /ZB1G /ZE /ZS0 /ZX /ZY
-------------------------------------------------------------------------------
 Source base directory = "K:\Software\Speed-test\source\little_files\"
 Destination directory = "F:\speed-test\little_files\"
 File name template    = "*"
 Directories processed = 1,271
 Total data in bytes   = 307,290,194
 Elapsed time in sec.  = 119.2 (1 min 59 sec)
 Action speed (MB/min) = 154.6
 Files copied          = 22,274
 Directories created   = 1,270
 Log File Appended     = K:\Software\Speed-test\stats\GEOMATT\server2loc-usb_straight-little_files.log
 Exit code             = 0 (No error, Successful operation)

﻿
===============================================================================
XXCOPY ver 2.97.5   2008-10-14 14:55:57   Windows Ver 5.2.3790 Service Pack 2
 Command Line  = xxcopy /yy /of0 /clone /ff /pb K:\Software\Speed-test\source\little_files f:\speed-test\little_files /oaK:\Software\Speed-test\stats\GEOMATT\server2loc-usb_straight-little_files.log
-------------------------------------------------------------------------------
Switch Parameters
 /A0 /BI /C /CA7 /CB0 /CCY /CK /CR3 /CD0 /D0 /DL0 /E /EC0 /ED0 /ER0 /F0 /FM0
 /FF2S /FL /FR /FW /H /I /IN* /JV0 /KS /KCDP /KCFP /L0 /N0 /NC0 /NI0 /NP0 /NW
 /NX0
 /oAK:\Software\Speed-test\stats\GEOMATT\server2loc-usb_straight-little_files.log
 /oB2 /oC0 /oD0 /oE0 /oF0 /oI0 /oP0 /oQ0 /oS0 /oX0 /P0 /PB1M /PBH /PC0 /PD0
 /PN /Po0 /PP /PW0 /PZ0 /Q1 /QF0 /QB0 /QS0 /R /RS0 /S /SC0 /SHR /SP0 /SG0 /So1
 /SW0 /SX0 /SZ:- /T0 /TR00 /TS0 /TD0 /TTA0 /TCA0 /TCC0 /TCW /TM0 /U0 /UT0 /V1
 /VL0 /W0 /WD /WL /WN0 /WU0 /Y /YY /ZB1G /ZE /ZS0 /ZX /ZY
-------------------------------------------------------------------------------
 Source base directory = "K:\Software\Speed-test\source\little_files\"
 Destination directory = "F:\speed-test\little_files\"
 File name template    = "*"
 Directories processed = 1,271
 Total data in bytes   = 307,290,194
 Elapsed time in sec.  = 126.3 (2 min 6 sec)
 Action speed (MB/min) = 145.9
 Files copied          = 22,274
 Directories created   = 1,270
 Log File Appended     = K:\Software\Speed-test\stats\GEOMATT\server2loc-usb_straight-little_files.log
 Exit code             = 0 (No error, Successful operation)

﻿
===============================================================================
XXCOPY ver 2.97.5   2008-10-14 15:00:05   Windows Ver 5.2.3790 Service Pack 2
 Command Line  = xxcopy /yy /of0 /clone /ff /pb K:\Software\Speed-test\source\little_files f:\speed-test\little_files /oaK:\Software\Speed-test\stats\GEOMATT\server2loc-usb_straight-little_files.log
-------------------------------------------------------------------------------
Switch Parameters
 /A0 /BI /C /CA7 /CB0 /CCY /CK /CR3 /CD0 /D0 /DL0 /E /EC0 /ED0 /ER0 /F0 /FM0
 /FF2S /FL /FR /FW /H /I /IN* /JV0 /KS /KCDP /KCFP /L0 /N0 /NC0 /NI0 /NP0 /NW
 /NX0
 /oAK:\Software\Speed-test\stats\GEOMATT\server2loc-usb_straight-little_files.log
 /oB2 /oC0 /oD0 /oE0 /oF0 /oI0 /oP0 /oQ0 /oS0 /oX0 /P0 /PB1M /PBH /PC0 /PD0
 /PN /Po0 /PP /PW0 /PZ0 /Q1 /QF0 /QB0 /QS0 /R /RS0 /S /SC0 /SHR /SP0 /SG0 /So1
 /SW0 /SX0 /SZ:- /T0 /TR00 /TS0 /TD0 /TTA0 /TCA0 /TCC0 /TCW /TM0 /U0 /UT0 /V1
 /VL0 /W0 /WD /WL /WN0 /WU0 /Y /YY /ZB1G /ZE /ZS0 /ZX /ZY
-------------------------------------------------------------------------------
 Source base directory = "K:\Software\Speed-test\source\little_files\"
 Destination directory = "F:\speed-test\little_files\"
 File name template    = "*"
 Directories processed = 1,271
 Total data in bytes   = 307,290,194
 Elapsed time in sec.  = 120.8 (2 min 0 sec)
 Action speed (MB/min) = 152.7
 Files copied          = 22,274
 Directories created   = 1,270
 Log File Appended     = K:\Software\Speed-test\stats\GEOMATT\server2loc-usb_straight-little_files.log
 Exit code             = 0 (No error, Successful operation)

﻿
===============================================================================
XXCOPY ver 2.97.5   2008-10-15 08:55:00   Windows Ver 5.2.3790 Service Pack 2
 Command Line  = xxcopy /yy /of0 /clone /ff /pb K:\Software\Speed-test\source\little_files f:\speed-test\little_files /oaK:\Software\Speed-test\stats\GEOMATT\server2loc-usb_straight-little_files.log
-------------------------------------------------------------------------------
Switch Parameters
 /A0 /BI /C /CA7 /CB0 /CCY /CK /CR3 /CD0 /D0 /DL0 /E /EC0 /ED0 /ER0 /F0 /FM0
 /FF2S /FL /FR /FW /H /I /IN* /JV0 /KS /KCDP /KCFP /L0 /N0 /NC0 /NI0 /NP0 /NW
 /NX0
 /oAK:\Software\Speed-test\stats\GEOMATT\server2loc-usb_straight-little_files.log
 /oB2 /oC0 /oD0 /oE0 /oF0 /oI0 /oP0 /oQ0 /oS0 /oX0 /P0 /PB1M /PBH /PC0 /PD0
 /PN /Po0 /PP /PW0 /PZ0 /Q1 /QF0 /QB0 /QS0 /R /RS0 /S /SC0 /SHR /SP0 /SG0 /So1
 /SW0 /SX0 /SZ:- /T0 /TR00 /TS0 /TD0 /TTA0 /TCA0 /TCC0 /TCW /TM0 /U0 /UT0 /V1
 /VL0 /W0 /WD /WL /WN0 /WU0 /Y /YY /ZB1G /ZE /ZS0 /ZX /ZY
-------------------------------------------------------------------------------
 Source base directory = "K:\Software\Speed-test\source\little_files\"
 Destination directory = "F:\speed-test\little_files\"
 File name template    = "*"
 Directories processed = 1,491
 Total data in bytes   = 641,411,602
 Elapsed time in sec.  = 163.6 (2 min 43 sec)
 Action speed (MB/min) = 235.2
 Files copied          = 24,344
 Directories created   = 1,490
 Log File Appended     = K:\Software\Speed-test\stats\GEOMATT\server2loc-usb_straight-little_files.log
 Exit code             = 0 (No error, Successful operation)

